PRT1
322
1034
4 0 11 (2048 0 2752 ) (2048 0 4351 ) (2048 704 4351 ) (2048 704 2752 ) 
4 0 5 (2048 0 4351 ) (2048 0 2752 ) (2432 0 2752 ) (2432 0 4351 ) 
4 1 12 (2048 448 2688 ) (2048 704 2688 ) (2048 704 2239 ) (2048 448 2239 ) 
4 1 2 (2432 448 2239 ) (2432 448 2688 ) (2048 448 2688 ) (2048 448 2239 ) 
4 2 13 (2048 0 2239 ) (2048 0 2688 ) (2048 448 2688 ) (2048 448 2239 ) 
4 2 7 (2048 0 2688 ) (2048 0 2239 ) (2432 0 2239 ) (2432 0 2688 ) 
4 3 14 (2048 0 1280 ) (2048 0 2175 ) (2048 704 2175 ) (2048 704 1280 ) 
4 3 9 (2048 0 2175 ) (2048 0 1280 ) (2432 0 1280 ) (2432 0 2175 ) 
4 4 16 (2048 0 64 ) (2048 0 1216 ) (2048 704 1216 ) (2048 704 64 ) 
4 4 10 (2048 0 1216 ) (2048 0 64 ) (2432 0 64 ) (2432 0 1216 ) 
4 5 26 (2048 -192 4351 ) (2048 0 4351 ) (2048 0 2752 ) (2048 -192 2752 ) 
4 5 6 (2432 -192 2752 ) (2432 -192 4351 ) (2048 -192 4351 ) (2048 -192 2752 ) 
4 6 65 (2432 -1024 2688 ) (2432 -1024 4351 ) (2048 -1024 4351 ) (2048 -1024 2688 ) 
4 6 28 (2048 -1024 2688 ) (2048 -1024 2752 ) (2048 -192 2752 ) (2048 -192 2688 ) 
4 6 26 (2048 -1024 2752 ) (2048 -1024 4351 ) (2048 -192 4351 ) (2048 -192 2752 ) 
4 6 8 (2048 -1024 2688 ) (2048 -192 2688 ) (2432 -192 2688 ) (2432 -1024 2688 ) 
4 7 27 (2048 -192 2688 ) (2048 0 2688 ) (2048 0 2239 ) (2048 -192 2239 ) 
4 7 8 (2432 -192 2239 ) (2432 -192 2688 ) (2048 -192 2688 ) (2048 -192 2239 ) 
4 8 65 (2432 -1024 2175 ) (2432 -1024 2688 ) (2048 -1024 2688 ) (2048 -1024 2175 ) 
4 8 30 (2048 -1024 2175 ) (2048 -1024 2239 ) (2048 -192 2239 ) (2048 -192 2175 ) 
4 8 28 (2048 -1024 2239 ) (2048 -1024 2688 ) (2048 -192 2688 ) (2048 -192 2239 ) 
4 8 9 (2432 -192 2175 ) (2432 -1024 2175 ) (2048 -1024 2175 ) (2048 -192 2175 ) 
4 9 65 (2432 -1024 1280 ) (2432 -1024 2175 ) (2048 -1024 2175 ) (2048 -1024 1280 ) 
4 9 29 (2048 -192 2175 ) (2048 0 2175 ) (2048 0 1280 ) (2048 -192 1280 ) 
4 9 30 (2048 -1024 1280 ) (2048 -1024 2175 ) (2048 -192 2175 ) (2048 -192 1280 ) 
4 10 66 (2432 -1024 64 ) (2432 -1024 1216 ) (2048 -1024 1216 ) (2048 -1024 64 ) 
4 10 32 (2048 -1024 64 ) (2048 -1024 1216 ) (2048 0 1216 ) (2048 0 64 ) 
4 11 26 (2048 0 2752 ) (2048 0 4351 ) (1024 0 4351 ) (1024 0 2752 ) 
4 11 18 (1024 0 2752 ) (1024 0 3520 ) (1024 704 3520 ) (1024 704 2752 ) 
4 11 17 (1024 0 3520 ) (1024 0 4351 ) (1024 704 4351 ) (1024 704 3520 ) 
4 12 21 (1024 704 2688 ) (1024 704 2239 ) (1024 448 2239 ) (1024 448 2688 ) 
4 12 13 (1024 448 2239 ) (2048 448 2239 ) (2048 448 2688 ) (1024 448 2688 ) 
4 13 27 (2048 0 2239 ) (2048 0 2688 ) (1024 0 2688 ) (1024 0 2239 ) 
4 13 22 (1024 0 2239 ) (1024 0 2688 ) (1024 448 2688 ) (1024 448 2239 ) 
4 14 29 (2048 0 1280 ) (2048 0 2175 ) (1408 0 2175 ) (1408 0 1280 ) 
4 14 15 (1408 0 1280 ) (1408 0 2175 ) (1408 704 2175 ) (1408 704 1280 ) 
4 15 31 (1024 0 1280 ) (1024 0 1216 ) (1408 0 1216 ) (1408 0 1280 ) 
4 15 29 (1408 0 2175 ) (1024 0 2175 ) (1024 0 1280 ) (1408 0 1280 ) 
4 15 25 (1024 0 1216 ) (1024 0 2175 ) (1024 704 2175 ) (1024 704 1216 ) 
4 15 16 (1024 0 1216 ) (1024 704 1216 ) (1408 704 1216 ) (1408 0 1216 ) 
4 16 32 (2048 0 64 ) (2048 0 1216 ) (1024 0 1216 ) (1024 0 64 ) 
4 16 25 (1024 0 64 ) (1024 0 1216 ) (1024 704 1216 ) (1024 704 64 ) 
4 17 178 (0 0 3520 ) (0 0 4351 ) (0 704 4351 ) (0 704 3520 ) 
4 17 34 (576 0 3520 ) (896 0 3520 ) (896 0 4351 ) (576 0 4351 ) 
4 17 33 (896 0 3520 ) (1024 0 3520 ) (1024 0 4351 ) (896 0 4351 ) 
4 17 35 (0 0 4351 ) (0 0 3520 ) (576 0 3520 ) (576 0 4351 ) 
4 17 18 (1024 0 3520 ) (896 0 3520 ) (896 704 3520 ) (1024 704 3520 ) 
4 17 20 (576 0 3520 ) (0 0 3520 ) (0 704 3520 ) (576 704 3520 ) 
4 18 36 (896 0 2752 ) (1024 0 2752 ) (1024 0 3456 ) (896 0 3456 ) 
4 18 33 (1024 0 3456 ) (1024 0 3520 ) (896 0 3520 ) (896 0 3456 ) 
4 18 19 (896 704 2752 ) (896 0 2752 ) (896 0 3456 ) (896 704 3456 ) 
4 19 36 (640 0 2752 ) (896 0 2752 ) (896 0 3456 ) (640 0 3456 ) 
4 19 38 (576 0 2752 ) (640 0 2752 ) (640 0 3456 ) (576 0 3456 ) 
4 19 23 (640 0 2752 ) (576 0 2752 ) (576 448 2752 ) (640 448 2752 ) 
4 19 20 (576 704 2752 ) (576 0 2752 ) (576 0 3456 ) (576 704 3456 ) 
4 20 178 (0 0 2752 ) (0 0 3520 ) (0 704 3520 ) (0 704 2752 ) 
4 20 38 (0 0 3456 ) (0 0 2752 ) (576 0 2752 ) (576 0 3456 ) 
4 20 35 (0 0 3520 ) (0 0 3456 ) (576 0 3456 ) (576 0 3520 ) 
4 20 23 (576 448 2752 ) (576 0 2752 ) (0 0 2752 ) (0 448 2752 ) 
4 21 182 (0 704 2688 ) (0 704 2239 ) (0 448 2239 ) (0 448 2688 ) 
4 21 22 (640 448 2239 ) (1024 448 2239 ) (1024 448 2688 ) (640 448 2688 ) 
4 21 23 (0 448 2239 ) (640 448 2239 ) (640 448 2688 ) (0 448 2688 ) 
4 22 39 (640 0 2239 ) (1024 0 2239 ) (1024 0 2688 ) (640 0 2688 ) 
4 22 23 (640 448 2688 ) (640 448 2239 ) (640 0 2239 ) (640 0 2688 ) 
4 23 183 (0 0 2239 ) (0 0 2688 ) (0 448 2688 ) (0 448 2239 ) 
4 23 181 (0 0 2688 ) (0 0 2752 ) (0 448 2752 ) (0 448 2688 ) 
4 23 41 (0 0 2688 ) (0 0 2239 ) (640 0 2239 ) (640 0 2688 ) 
4 23 38 (0 0 2752 ) (0 0 2688 ) (640 0 2688 ) (640 0 2752 ) 
4 23 24 (640 0 2239 ) (0 0 2239 ) (0 448 2239 ) (640 448 2239 ) 
4 24 183 (0 0 2175 ) (0 0 2239 ) (0 448 2239 ) (0 448 2175 ) 
4 24 41 (0 0 2239 ) (0 0 2175 ) (640 0 2175 ) (640 0 2239 ) 
4 24 25 (640 0 2175 ) (0 0 2175 ) (0 448 2175 ) (640 448 2175 ) 
4 25 184 (0 0 64 ) (0 0 2175 ) (0 704 2175 ) (0 704 64 ) 
4 25 62 (0 0 65 ) (0 0 64 ) (704 0 64 ) (704 0 65 ) 
4 25 59 (704 0 64 ) (736 0 64 ) (736 0 65 ) (704 0 65 ) 
4 25 58 (736 0 64 ) (1024 0 64 ) (1024 0 65 ) (736 0 65 ) 
4 25 55 (0 0 313 ) (0 0 65 ) (704 0 65 ) (704 0 313 ) 
4 25 52 (704 0 65 ) (736 0 65 ) (736 0 313 ) (704 0 313 ) 
4 25 51 (736 0 65 ) (1024 0 65 ) (1024 0 313 ) (736 0 313 ) 
4 25 40 (640 0 313 ) (1024 0 313 ) (1024 0 2175 ) (640 0 2175 ) 
4 25 41 (0 0 2175 ) (0 0 313 ) (640 0 313 ) (640 0 2175 ) 
4 26 74 (2048 -1024 2752 ) (2048 -1024 4351 ) (1408 -1024 4351 ) (1408 -1024 2752 ) 
4 26 76 (1408 -1024 4351 ) (1024 -1024 4351 ) (1024 -1024 2752 ) (1408 -1024 2752 ) 
4 26 36 (1024 0 3456 ) (1024 0 2752 ) (1024 -192 2752 ) (1024 -192 3456 ) 
4 26 37 (1024 -192 2752 ) (1024 -1024 2752 ) (1024 -1024 3456 ) (1024 -192 3456 ) 
4 26 33 (1024 0 4351 ) (1024 0 3456 ) (1024 -1024 3456 ) (1024 -1024 4351 ) 
4 26 28 (2048 -1024 2752 ) (1024 -1024 2752 ) (1024 -192 2752 ) (2048 -192 2752 ) 
4 27 39 (1024 0 2688 ) (1024 0 2239 ) (1024 -192 2239 ) (1024 -192 2688 ) 
4 27 28 (1024 -192 2239 ) (2048 -192 2239 ) (2048 -192 2688 ) (1024 -192 2688 ) 
4 28 74 (2048 -1024 2239 ) (2048 -1024 2752 ) (1408 -1024 2752 ) (1408 -1024 2239 ) 
4 28 76 (1408 -1024 2752 ) (1024 -1024 2752 ) (1024 -1024 2239 ) (1408 -1024 2239 ) 
4 28 42 (1024 -192 2239 ) (1024 -1024 2239 ) (1024 -1024 2688 ) (1024 -192 2688 ) 
4 28 37 (1024 -1024 2688 ) (1024 -1024 2752 ) (1024 -192 2752 ) (1024 -192 2688 ) 
4 28 30 (1024 -1024 2239 ) (1024 -192 2239 ) (2048 -192 2239 ) (2048 -1024 2239 ) 
4 29 40 (1024 0 2175 ) (1024 0 1280 ) (1024 -192 1280 ) (1024 -192 2175 ) 
4 29 31 (1024 -192 1280 ) (1024 0 1280 ) (1408 0 1280 ) (1408 -192 1280 ) 
4 29 30 (1024 -192 1280 ) (2048 -192 1280 ) (2048 -192 2175 ) (1024 -192 2175 ) 
4 30 74 (2048 -1024 1280 ) (2048 -1024 2239 ) (1408 -1024 2239 ) (1408 -1024 1280 ) 
4 30 76 (1408 -1024 2239 ) (1024 -1024 2239 ) (1024 -1024 1280 ) (1408 -1024 1280 ) 
4 30 42 (1024 -192 1280 ) (1024 -1024 1280 ) (1024 -1024 2239 ) (1024 -192 2239 ) 
4 30 31 (1408 -1024 1280 ) (1024 -1024 1280 ) (1024 -192 1280 ) (1408 -192 1280 ) 
4 31 76 (1408 -1024 1280 ) (1024 -1024 1280 ) (1024 -1024 1216 ) (1408 -1024 1216 ) 
4 31 42 (1024 -192 1216 ) (1024 -1024 1216 ) (1024 -1024 1280 ) (1024 -192 1280 ) 
4 31 40 (1024 0 1280 ) (1024 0 1216 ) (1024 -192 1216 ) (1024 -192 1280 ) 
4 31 32 (1024 -1024 1216 ) (1024 0 1216 ) (1408 0 1216 ) (1408 -1024 1216 ) 
4 32 75 (2048 -1024 64 ) (2048 -1024 1216 ) (1408 -1024 1216 ) (1408 -1024 64 ) 
4 32 76 (1408 -1024 1216 ) (1024 -1024 1216 ) (1024 -1024 64 ) (1408 -1024 64 ) 
4 32 58 (1024 0 65 ) (1024 0 64 ) (1024 -1024 64 ) (1024 -1024 65 ) 
4 32 51 (1024 0 313 ) (1024 0 65 ) (1024 -1024 65 ) (1024 -1024 313 ) 
4 32 42 (1024 -192 313 ) (1024 -1024 313 ) (1024 -1024 1216 ) (1024 -192 1216 ) 
4 32 40 (1024 0 1216 ) (1024 0 313 ) (1024 -192 313 ) (1024 -192 1216 ) 
4 33 79 (898 -1024 3520 ) (896 -1024 3520 ) (896 -1024 3456 ) (898 -1024 3456 ) 
4 33 78 (1024 -1024 3456 ) (1024 -1024 3520 ) (898 -1024 3520 ) (898 -1024 3456 ) 
4 33 77 (1024 -1024 3520 ) (1024 -1024 4351 ) (896 -1024 4351 ) (896 -1024 3520 ) 
4 33 36 (896 -192 3456 ) (896 0 3456 ) (1024 0 3456 ) (1024 -192 3456 ) 
4 33 37 (1024 -1024 3456 ) (896 -1024 3456 ) (896 -192 3456 ) (1024 -192 3456 ) 
4 33 34 (896 -1024 3520 ) (896 -1024 4351 ) (896 0 4351 ) (896 0 3520 ) 
4 34 77 (896 -1024 4351 ) (576 -1024 4351 ) (576 -1024 3520 ) (896 -1024 3520 ) 
4 34 35 (576 -1024 3520 ) (576 -1024 4351 ) (576 0 4351 ) (576 0 3520 ) 
4 35 203 (0 -1024 3456 ) (0 -1024 4351 ) (0 0 4351 ) (0 0 3456 ) 
4 35 90 (574 -1024 3456 ) (576 -1024 3456 ) (576 -1024 3520 ) (574 -1024 3520 ) 
4 35 97 (0 -1024 3520 ) (0 -1024 3456 ) (574 -1024 3456 ) (574 -1024 3520 ) 
4 35 77 (576 -1024 4351 ) (0 -1024 4351 ) (0 -1024 3520 ) (576 -1024 3520 ) 
4 35 38 (576 -1024 3456 ) (0 -1024 3456 ) (0 0 3456 ) (576 0 3456 ) 
4 36 37 (640 -192 3456 ) (640 -192 2752 ) (1024 -192 2752 ) (1024 -192 3456 ) 
4 36 38 (640 -192 2752 ) (640 -192 3456 ) (640 0 3456 ) (640 0 2752 ) 
4 37 87 (736 -1024 3456 ) (704 -1024 3456 ) (704 -1024 2688 ) (736 -1024 2688 ) 
4 37 86 (896 -1024 3456 ) (736 -1024 3456 ) (736 -1024 2688 ) (896 -1024 2688 ) 
4 37 89 (704 -1024 3456 ) (640 -1024 3456 ) (640 -1024 2688 ) (704 -1024 2688 ) 
4 37 79 (898 -1024 3456 ) (896 -1024 3456 ) (896 -1024 2688 ) (898 -1024 2688 ) 
4 37 78 (1024 -1024 2688 ) (1024 -1024 3456 ) (898 -1024 3456 ) (898 -1024 2688 ) 
4 37 48 (640 -384 2688 ) (640 -352 2688 ) (704 -352 2688 ) (704 -384 2688 ) 
4 37 47 (640 -352 2688 ) (640 -192 2688 ) (704 -192 2688 ) (704 -352 2688 ) 
4 37 50 (704 -1024 2688 ) (640 -1024 2688 ) (640 -384 2688 ) (704 -384 2688 ) 
4 37 43 (736 -1024 2688 ) (704 -1024 2688 ) (704 -192 2688 ) (736 -192 2688 ) 
4 37 42 (1024 -192 2688 ) (1024 -1024 2688 ) (736 -1024 2688 ) (736 -192 2688 ) 
4 37 38 (640 -192 2688 ) (640 -1024 2688 ) (640 -1024 3456 ) (640 -192 3456 ) 
4 38 207 (0 -384 3456 ) (0 -352 3456 ) (0 -352 2688 ) (0 -384 2688 ) 
4 38 206 (0 -352 3456 ) (0 0 3456 ) (0 0 2688 ) (0 -352 2688 ) 
4 38 209 (0 -1024 2688 ) (0 -1024 3456 ) (0 -384 3456 ) (0 -384 2688 ) 
4 38 90 (576 -1024 3456 ) (574 -1024 3456 ) (574 -1024 2688 ) (576 -1024 2688 ) 
4 38 97 (574 -1024 3456 ) (0 -1024 3456 ) (0 -1024 2688 ) (574 -1024 2688 ) 
4 38 89 (640 -1024 3456 ) (576 -1024 3456 ) (576 -1024 2688 ) (640 -1024 2688 ) 
4 38 48 (0 -384 2688 ) (0 -352 2688 ) (640 -352 2688 ) (640 -384 2688 ) 
4 38 47 (0 -352 2688 ) (0 -192 2688 ) (640 -192 2688 ) (640 -352 2688 ) 
4 38 50 (0 -1024 2688 ) (0 -384 2688 ) (640 -384 2688 ) (640 -1024 2688 ) 
4 38 41 (0 -192 2688 ) (0 0 2688 ) (640 0 2688 ) (640 -192 2688 ) 
4 39 47 (704 -192 2688 ) (640 -192 2688 ) (640 -192 2239 ) (704 -192 2239 ) 
4 39 43 (736 -192 2688 ) (704 -192 2688 ) (704 -192 2239 ) (736 -192 2239 ) 
4 39 42 (1024 -192 2239 ) (1024 -192 2688 ) (736 -192 2688 ) (736 -192 2239 ) 
4 39 41 (640 -192 2239 ) (640 -192 2688 ) (640 0 2688 ) (640 0 2239 ) 
4 40 55 (640 0 313 ) (704 0 313 ) (704 -192 313 ) (640 -192 313 ) 
4 40 52 (704 0 313 ) (736 0 313 ) (736 -192 313 ) (704 -192 313 ) 
4 40 51 (736 0 313 ) (1024 0 313 ) (1024 -192 313 ) (736 -192 313 ) 
4 40 47 (640 -192 313 ) (704 -192 313 ) (704 -192 2175 ) (640 -192 2175 ) 
4 40 44 (704 -192 313 ) (736 -192 313 ) (736 -192 320 ) (704 -192 320 ) 
4 40 43 (736 -192 320 ) (736 -192 2175 ) (704 -192 2175 ) (704 -192 320 ) 
4 40 42 (736 -192 313 ) (1024 -192 313 ) (1024 -192 2175 ) (736 -192 2175 ) 
4 40 41 (640 0 313 ) (640 -192 313 ) (640 -192 2175 ) (640 0 2175 ) 
4 41 206 (0 -192 2688 ) (0 0 2688 ) (0 0 313 ) (0 -192 313 ) 
4 41 55 (0 -192 313 ) (0 0 313 ) (640 0 313 ) (640 -192 313 ) 
4 41 47 (0 -192 313 ) (640 -192 313 ) (640 -192 2688 ) (0 -192 2688 ) 
4 42 86 (896 -1024 2688 ) (736 -1024 2688 ) (736 -1024 313 ) (896 -1024 313 ) 
4 42 79 (898 -1024 2688 ) (896 -1024 2688 ) (896 -1024 313 ) (898 -1024 313 ) 
4 42 78 (1024 -1024 313 ) (1024 -1024 2688 ) (898 -1024 2688 ) (898 -1024 313 ) 
4 42 51 (1024 -1024 313 ) (736 -1024 313 ) (736 -192 313 ) (1024 -192 313 ) 
4 42 46 (736 -384 313 ) (736 -1024 313 ) (736 -1024 320 ) (736 -384 320 ) 
4 42 45 (736 -320 313 ) (736 -384 313 ) (736 -384 320 ) (736 -320 320 ) 
4 42 44 (736 -192 320 ) (736 -192 313 ) (736 -320 313 ) (736 -320 320 ) 
4 42 43 (736 -192 2688 ) (736 -192 320 ) (736 -1024 320 ) (736 -1024 2688 ) 
4 43 87 (736 -1024 2688 ) (704 -1024 2688 ) (704 -1024 320 ) (736 -1024 320 ) 
4 43 48 (704 -352 320 ) (704 -384 320 ) (704 -384 2688 ) (704 -352 2688 ) 
4 43 47 (704 -192 2688 ) (704 -192 320 ) (704 -352 320 ) (704 -352 2688 ) 
4 43 50 (704 -384 320 ) (704 -1024 320 ) (704 -1024 2688 ) (704 -384 2688 ) 
4 43 46 (704 -1024 320 ) (704 -384 320 ) (736 -384 320 ) (736 -1024 320 ) 
4 43 45 (704 -384 320 ) (704 -320 320 ) (736 -320 320 ) (736 -384 320 ) 
4 43 44 (704 -320 320 ) (704 -192 320 ) (736 -192 320 ) (736 -320 320 ) 
4 44 52 (704 -320 313 ) (704 -192 313 ) (736 -192 313 ) (736 -320 313 ) 
4 44 47 (704 -192 320 ) (704 -192 313 ) (704 -320 313 ) (704 -320 320 ) 
4 44 45 (736 -320 313 ) (736 -320 320 ) (704 -320 320 ) (704 -320 313 ) 
4 45 53 (704 -384 313 ) (704 -320 313 ) (736 -320 313 ) (736 -384 313 ) 
4 45 49 (704 -352 313 ) (704 -384 313 ) (704 -384 320 ) (704 -352 320 ) 
4 45 47 (704 -320 313 ) (704 -352 313 ) (704 -352 320 ) (704 -320 320 ) 
4 45 46 (736 -384 313 ) (736 -384 320 ) (704 -384 320 ) (704 -384 313 ) 
4 46 88 (704 -1024 320 ) (704 -1024 313 ) (736 -1024 313 ) (736 -1024 320 ) 
4 46 54 (736 -1024 313 ) (704 -1024 313 ) (704 -384 313 ) (736 -384 313 ) 
4 46 50 (704 -384 313 ) (704 -1024 313 ) (704 -1024 320 ) (704 -384 320 ) 
4 47 206 (0 -352 2688 ) (0 -192 2688 ) (0 -192 313 ) (0 -352 313 ) 
4 47 55 (0 -352 313 ) (0 -192 313 ) (704 -192 313 ) (704 -352 313 ) 
4 47 49 (0 -352 313 ) (704 -352 313 ) (704 -352 320 ) (0 -352 320 ) 
4 47 48 (704 -352 320 ) (704 -352 2688 ) (0 -352 2688 ) (0 -352 320 ) 
4 48 207 (0 -384 2688 ) (0 -352 2688 ) (0 -352 320 ) (0 -384 320 ) 
4 48 50 (704 -384 320 ) (704 -384 2688 ) (0 -384 2688 ) (0 -384 320 ) 
4 48 49 (704 -384 320 ) (0 -384 320 ) (0 -352 320 ) (704 -352 320 ) 
4 49 208 (0 -352 320 ) (0 -352 313 ) (0 -384 313 ) (0 -384 320 ) 
4 49 56 (0 -384 313 ) (0 -352 313 ) (704 -352 313 ) (704 -384 313 ) 
4 49 50 (0 -384 313 ) (704 -384 313 ) (704 -384 320 ) (0 -384 320 ) 
4 50 209 (0 -1024 313 ) (0 -1024 2688 ) (0 -384 2688 ) (0 -384 313 ) 
4 50 90 (576 -1024 2688 ) (574 -1024 2688 ) (574 -1024 313 ) (576 -1024 313 ) 
4 50 97 (574 -1024 2688 ) (0 -1024 2688 ) (0 -1024 313 ) (574 -1024 313 ) 
4 50 89 (704 -1024 2688 ) (576 -1024 2688 ) (576 -1024 313 ) (704 -1024 313 ) 
4 50 57 (704 -1024 313 ) (0 -1024 313 ) (0 -384 313 ) (704 -384 313 ) 
4 51 106 (896 -1024 313 ) (736 -1024 313 ) (736 -1024 65 ) (896 -1024 65 ) 
4 51 99 (898 -1024 313 ) (896 -1024 313 ) (896 -1024 65 ) (898 -1024 65 ) 
4 51 98 (1024 -1024 65 ) (1024 -1024 313 ) (898 -1024 313 ) (898 -1024 65 ) 
4 51 58 (736 0 65 ) (1024 0 65 ) (1024 -1024 65 ) (736 -1024 65 ) 
4 51 54 (736 -384 65 ) (736 -1024 65 ) (736 -1024 313 ) (736 -384 313 ) 
4 51 53 (736 -320 65 ) (736 -384 65 ) (736 -384 313 ) (736 -320 313 ) 
4 51 52 (736 0 65 ) (736 -320 65 ) (736 -320 313 ) (736 0 313 ) 
4 52 59 (704 0 65 ) (736 0 65 ) (736 -320 65 ) (704 -320 65 ) 
4 52 55 (704 0 65 ) (704 -320 65 ) (704 -320 313 ) (704 0 313 ) 
4 52 53 (704 -320 313 ) (704 -320 65 ) (736 -320 65 ) (736 -320 313 ) 
4 53 60 (736 -320 65 ) (736 -384 65 ) (704 -384 65 ) (704 -320 65 ) 
4 53 56 (704 -352 65 ) (704 -384 65 ) (704 -384 313 ) (704 -352 313 ) 
4 53 55 (704 -320 65 ) (704 -352 65 ) (704 -352 313 ) (704 -320 313 ) 
4 53 54 (704 -384 313 ) (704 -384 65 ) (736 -384 65 ) (736 -384 313 ) 
4 54 107 (736 -1024 313 ) (704 -1024 313 ) (704 -1024 65 ) (736 -1024 65 ) 
4 54 61 (736 -384 65 ) (736 -1024 65 ) (704 -1024 65 ) (704 -384 65 ) 
4 54 57 (704 -384 65 ) (704 -1024 65 ) (704 -1024 313 ) (704 -384 313 ) 
4 55 210 (0 -352 313 ) (0 0 313 ) (0 0 65 ) (0 -352 65 ) 
4 55 62 (0 -352 65 ) (0 0 65 ) (704 0 65 ) (704 -352 65 ) 
4 55 56 (0 -352 65 ) (704 -352 65 ) (704 -352 313 ) (0 -352 313 ) 
4 56 211 (0 -384 313 ) (0 -352 313 ) (0 -352 65 ) (0 -384 65 ) 
4 56 63 (0 -384 65 ) (0 -352 65 ) (704 -352 65 ) (704 -384 65 ) 
4 56 57 (0 -384 65 ) (704 -384 65 ) (704 -384 313 ) (0 -384 313 ) 
4 57 212 (0 -1024 65 ) (0 -1024 313 ) (0 -384 313 ) (0 -384 65 ) 
4 57 109 (576 -1024 313 ) (574 -1024 313 ) (574 -1024 65 ) (576 -1024 65 ) 
4 57 116 (574 -1024 313 ) (0 -1024 313 ) (0 -1024 65 ) (574 -1024 65 ) 
4 57 108 (704 -1024 313 ) (576 -1024 313 ) (576 -1024 65 ) (704 -1024 65 ) 
4 57 64 (0 -1024 65 ) (0 -384 65 ) (704 -384 65 ) (704 -1024 65 ) 
4 58 125 (896 -1024 65 ) (736 -1024 65 ) (736 -1024 64 ) (896 -1024 64 ) 
4 58 118 (898 -1024 65 ) (896 -1024 65 ) (896 -1024 64 ) (898 -1024 64 ) 
4 58 117 (1024 -1024 64 ) (1024 -1024 65 ) (898 -1024 65 ) (898 -1024 64 ) 
4 58 61 (736 -384 64 ) (736 -1024 64 ) (736 -1024 65 ) (736 -384 65 ) 
4 58 60 (736 -320 64 ) (736 -384 64 ) (736 -384 65 ) (736 -320 65 ) 
4 58 59 (736 0 64 ) (736 -320 64 ) (736 -320 65 ) (736 0 65 ) 
4 59 62 (704 0 64 ) (704 -320 64 ) (704 -320 65 ) (704 0 65 ) 
4 59 60 (704 -320 65 ) (704 -320 64 ) (736 -320 64 ) (736 -320 65 ) 
4 60 63 (704 -352 64 ) (704 -384 64 ) (704 -384 65 ) (704 -352 65 ) 
4 60 62 (704 -320 64 ) (704 -352 64 ) (704 -352 65 ) (704 -320 65 ) 
4 60 61 (704 -384 65 ) (704 -384 64 ) (736 -384 64 ) (736 -384 65 ) 
4 61 126 (736 -1024 65 ) (704 -1024 65 ) (704 -1024 64 ) (736 -1024 64 ) 
4 61 64 (704 -384 64 ) (704 -1024 64 ) (704 -1024 65 ) (704 -384 65 ) 
4 62 213 (0 -352 65 ) (0 0 65 ) (0 0 64 ) (0 -352 64 ) 
4 62 63 (0 -352 64 ) (704 -352 64 ) (704 -352 65 ) (0 -352 65 ) 
4 63 214 (0 -384 65 ) (0 -352 65 ) (0 -352 64 ) (0 -384 64 ) 
4 63 64 (0 -384 64 ) (704 -384 64 ) (704 -384 65 ) (0 -384 65 ) 
4 64 215 (0 -1024 64 ) (0 -1024 65 ) (0 -384 65 ) (0 -384 64 ) 
4 64 128 (576 -1024 65 ) (574 -1024 65 ) (574 -1024 64 ) (576 -1024 64 ) 
4 64 135 (574 -1024 65 ) (0 -1024 65 ) (0 -1024 64 ) (574 -1024 64 ) 
4 64 127 (704 -1024 65 ) (576 -1024 65 ) (576 -1024 64 ) (704 -1024 64 ) 
4 65 74 (2048 -2048 1280 ) (2048 -2048 4351 ) (2048 -1024 4351 ) (2048 -1024 1280 ) 
4 65 72 (2432 -2048 1280 ) (2432 -2048 2171.500000 ) (2048 -2048 2171.500000 ) (2048 -2048 1280 ) 
4 65 71 (2432 -2048 2171.500000 ) (2432 -2048 2235.500000 ) (2048 -2048 2235.500000 ) (2048 -2048 2171.500000 ) 
4 65 68 (2432 -2048 2235.500000 ) (2432 -2048 2752 ) (2048 -2048 2752 ) (2048 -2048 2235.500000 ) 
4 65 67 (2432 -2048 2752 ) (2432 -2048 4351 ) (2048 -2048 4351 ) (2048 -2048 2752 ) 
4 66 75 (2048 -2048 64 ) (2048 -2048 1216 ) (2048 -1024 1216 ) (2048 -1024 64 ) 
4 66 73 (2432 -2048 64 ) (2432 -2048 1216 ) (2048 -2048 1216 ) (2048 -2048 64 ) 
4 67 163 (2432 -3072 2752 ) (2432 -3072 4351 ) (2048 -3072 4351 ) (2048 -3072 2752 ) 
4 67 136 (2048 -3072 2752 ) (2048 -3072 4351 ) (2048 -2048 4351 ) (2048 -2048 2752 ) 
4 67 68 (2432 -2048 2752 ) (2432 -2240 2752 ) (2048 -2240 2752 ) (2048 -2048 2752 ) 
4 68 138 (2048 -2048 2688 ) (2048 -2048 2235.500000 ) (2048 -2240 2235.500000 ) (2048 -2240 2688 ) 
4 68 137 (2048 -2240 2752 ) (2048 -2048 2752 ) (2048 -2048 2688 ) (2048 -2240 2688 ) 
4 68 71 (2048 -2240 2235.500000 ) (2048 -2048 2235.500000 ) (2432 -2048 2235.500000 ) (2432 -2240 2235.500000 ) 
4 68 69 (2048 -2240 2235.500000 ) (2432 -2240 2235.500000 ) (2432 -2240 2688 ) (2048 -2240 2688 ) 
4 69 139 (2048 -2240 2688 ) (2048 -2240 2235.500000 ) (2048 -2880 2235.500000 ) (2048 -2880 2688 ) 
4 69 70 (2048 -2880 2235.500000 ) (2432 -2880 2235.500000 ) (2432 -2880 2688 ) (2048 -2880 2688 ) 
4 70 164 (2432 -3072 2235.500000 ) (2432 -3072 2688 ) (2048 -3072 2688 ) (2048 -3072 2235.500000 ) 
4 70 140 (2048 -3072 2235.500000 ) (2048 -3072 2688 ) (2048 -2880 2688 ) (2048 -2880 2235.500000 ) 
4 71 138 (2048 -2240 2235.500000 ) (2048 -2048 2235.500000 ) (2048 -2048 2171.500000 ) (2048 -2240 2171.500000 ) 
4 71 72 (2432 -2048 2171.500000 ) (2432 -2240 2171.500000 ) (2048 -2240 2171.500000 ) (2048 -2048 2171.500000 ) 
4 72 165 (2432 -3072 1280 ) (2432 -3072 2171.500000 ) (2048 -3072 2171.500000 ) (2048 -3072 1280 ) 
4 72 141 (2048 -3072 1280 ) (2048 -3072 2171.500000 ) (2048 -2048 2171.500000 ) (2048 -2048 1280 ) 
4 73 166 (2432 -3072 64 ) (2432 -3072 1216 ) (2048 -3072 1216 ) (2048 -3072 64 ) 
4 73 142 (2048 -3072 64 ) (2048 -3072 1216 ) (2048 -2048 1216 ) (2048 -2048 64 ) 
4 74 141 (2048 -2048 1280 ) (2048 -2048 2171.500000 ) (1408 -2048 2171.500000 ) (1408 -2048 1280 ) 
4 74 138 (2048 -2048 2171.500000 ) (2048 -2048 2688 ) (1408 -2048 2688 ) (1408 -2048 2171.500000 ) 
4 74 137 (2048 -2048 2688 ) (2048 -2048 2752 ) (1408 -2048 2752 ) (1408 -2048 2688 ) 
4 74 136 (2048 -2048 2752 ) (2048 -2048 4351 ) (1408 -2048 4351 ) (1408 -2048 2752 ) 
4 74 76 (1408 -2048 1280 ) (1408 -2048 4351 ) (1408 -1024 4351 ) (1408 -1024 1280 ) 
4 75 142 (2048 -2048 64 ) (2048 -2048 1216 ) (1408 -2048 1216 ) (1408 -2048 64 ) 
4 75 76 (1408 -1024 64 ) (1408 -2048 64 ) (1408 -2048 1216 ) (1408 -1024 1216 ) 
4 76 143 (1024 -2048 2171.500000 ) (1024 -2048 64 ) (1408 -2048 64 ) (1408 -2048 2171.500000 ) 
4 76 138 (1024 -2048 2688 ) (1024 -2048 2171.500000 ) (1408 -2048 2171.500000 ) (1408 -2048 2688 ) 
4 76 137 (1024 -2048 2752 ) (1024 -2048 2688 ) (1408 -2048 2688 ) (1408 -2048 2752 ) 
4 76 136 (1408 -2048 4351 ) (1024 -2048 4351 ) (1024 -2048 2752 ) (1408 -2048 2752 ) 
4 76 117 (1024 -2048 64 ) (1024 -2048 65 ) (1024 -1024 65 ) (1024 -1024 64 ) 
4 76 98 (1024 -2048 65 ) (1024 -2048 313 ) (1024 -1024 313 ) (1024 -1024 65 ) 
4 76 78 (1024 -2048 313 ) (1024 -2048 3520 ) (1024 -1024 3520 ) (1024 -1024 313 ) 
4 76 77 (1024 -2048 3520 ) (1024 -2048 4351 ) (1024 -1024 4351 ) (1024 -1024 3520 ) 
4 77 247 (0 -2048 3520 ) (0 -2048 4351 ) (0 -1024 4351 ) (0 -1024 3520 ) 
4 77 144 (0 -2048 4351 ) (0 -2048 3520 ) (1024 -2048 3520 ) (1024 -2048 4351 ) 
4 77 96 (576 -1280 3520 ) (576 -2048 3520 ) (574 -2048 3520 ) (574 -1280 3520 ) 
4 77 95 (576 -1256 3520 ) (576 -1280 3520 ) (574 -1280 3520 ) (574 -1256 3520 ) 
4 77 94 (576 -1176 3520 ) (576 -1256 3520 ) (574 -1256 3520 ) (574 -1176 3520 ) 
4 77 93 (576 -1152 3520 ) (576 -1176 3520 ) (574 -1176 3520 ) (574 -1152 3520 ) 
4 77 91 (576 -1064 3520 ) (576 -1088 3520 ) (574 -1088 3520 ) (574 -1064 3520 ) 
4 77 90 (574 -1024 3520 ) (576 -1024 3520 ) (576 -1064 3520 ) (574 -1064 3520 ) 
4 77 92 (576 -1088 3520 ) (576 -1152 3520 ) (574 -1152 3520 ) (574 -1088 3520 ) 
4 77 97 (0 -1024 3520 ) (574 -1024 3520 ) (574 -2048 3520 ) (0 -2048 3520 ) 
4 77 85 (898 -1280 3520 ) (898 -2048 3520 ) (896 -2048 3520 ) (896 -1280 3520 ) 
4 77 84 (898 -1256 3520 ) (898 -1280 3520 ) (896 -1280 3520 ) (896 -1256 3520 ) 
4 77 82 (898 -1152 3520 ) (898 -1176 3520 ) (896 -1176 3520 ) (896 -1152 3520 ) 
4 77 81 (898 -1088 3520 ) (898 -1152 3520 ) (896 -1152 3520 ) (896 -1088 3520 ) 
4 77 83 (898 -1176 3520 ) (898 -1256 3520 ) (896 -1256 3520 ) (896 -1176 3520 ) 
4 77 80 (898 -1064 3520 ) (898 -1088 3520 ) (896 -1088 3520 ) (896 -1064 3520 ) 
4 77 79 (896 -1024 3520 ) (898 -1024 3520 ) (898 -1064 3520 ) (896 -1064 3520 ) 
4 77 78 (898 -1024 3520 ) (1024 -1024 3520 ) (1024 -2048 3520 ) (898 -2048 3520 ) 
4 78 156 (898 -2048 313 ) (1024 -2048 313 ) (1024 -2048 2171.500000 ) (898 -2048 2171.500000 ) 
4 78 152 (1024 -2048 2171.500000 ) (1024 -2048 2688 ) (898 -2048 2688 ) (898 -2048 2171.500000 ) 
4 78 148 (1024 -2048 2688 ) (1024 -2048 3456 ) (898 -2048 3456 ) (898 -2048 2688 ) 
4 78 145 (1024 -2048 3456 ) (1024 -2048 3520 ) (898 -2048 3520 ) (898 -2048 3456 ) 
4 78 98 (1024 -2048 313 ) (898 -2048 313 ) (898 -1024 313 ) (1024 -1024 313 ) 
4 78 85 (898 -1280 313 ) (898 -2048 313 ) (898 -2048 3520 ) (898 -1280 3520 ) 
4 78 84 (898 -1256 313 ) (898 -1280 313 ) (898 -1280 3520 ) (898 -1256 3520 ) 
4 78 82 (898 -1152 313 ) (898 -1176 313 ) (898 -1176 3520 ) (898 -1152 3520 ) 
4 78 81 (898 -1088 313 ) (898 -1152 313 ) (898 -1152 3520 ) (898 -1088 3520 ) 
4 78 83 (898 -1176 313 ) (898 -1256 313 ) (898 -1256 3520 ) (898 -1176 3520 ) 
4 78 80 (898 -1064 313 ) (898 -1088 313 ) (898 -1088 3520 ) (898 -1064 3520 ) 
4 78 79 (898 -1024 313 ) (898 -1064 313 ) (898 -1064 3520 ) (898 -1024 3520 ) 
4 79 99 (896 -1064 313 ) (896 -1024 313 ) (898 -1024 313 ) (898 -1064 313 ) 
4 79 86 (896 -1024 313 ) (896 -1064 313 ) (896 -1064 3456 ) (896 -1024 3456 ) 
4 79 80 (896 -1064 3520 ) (896 -1064 313 ) (898 -1064 313 ) (898 -1064 3520 ) 
4 80 100 (896 -1088 313 ) (896 -1064 313 ) (898 -1064 313 ) (898 -1088 313 ) 
4 80 86 (896 -1064 313 ) (896 -1088 313 ) (896 -1088 3456 ) (896 -1064 3456 ) 
4 80 81 (896 -1088 3520 ) (896 -1088 313 ) (898 -1088 313 ) (898 -1088 3520 ) 
4 81 101 (896 -1152 313 ) (896 -1088 313 ) (898 -1088 313 ) (898 -1152 313 ) 
4 81 86 (896 -1088 313 ) (896 -1152 313 ) (896 -1152 3456 ) (896 -1088 3456 ) 
4 81 82 (896 -1152 3520 ) (896 -1152 313 ) (898 -1152 313 ) (898 -1152 3520 ) 
4 82 102 (896 -1176 313 ) (896 -1152 313 ) (898 -1152 313 ) (898 -1176 313 ) 
4 82 86 (896 -1152 313 ) (896 -1176 313 ) (896 -1176 3456 ) (896 -1152 3456 ) 
4 82 83 (896 -1176 3520 ) (896 -1176 313 ) (898 -1176 313 ) (898 -1176 3520 ) 
4 83 103 (896 -1256 313 ) (896 -1176 313 ) (898 -1176 313 ) (898 -1256 313 ) 
4 83 86 (896 -1176 313 ) (896 -1256 313 ) (896 -1256 3456 ) (896 -1176 3456 ) 
4 83 84 (896 -1256 3520 ) (896 -1256 313 ) (898 -1256 313 ) (898 -1256 3520 ) 
4 84 104 (896 -1280 313 ) (896 -1256 313 ) (898 -1256 313 ) (898 -1280 313 ) 
4 84 86 (896 -1256 313 ) (896 -1280 313 ) (896 -1280 3456 ) (896 -1256 3456 ) 
4 84 85 (896 -1280 3520 ) (896 -1280 313 ) (898 -1280 313 ) (898 -1280 3520 ) 
4 85 156 (896 -2048 313 ) (898 -2048 313 ) (898 -2048 2171.500000 ) (896 -2048 2171.500000 ) 
4 85 152 (898 -2048 2171.500000 ) (898 -2048 2688 ) (896 -2048 2688 ) (896 -2048 2171.500000 ) 
4 85 148 (898 -2048 2688 ) (898 -2048 3456 ) (896 -2048 3456 ) (896 -2048 2688 ) 
4 85 145 (898 -2048 3456 ) (898 -2048 3520 ) (896 -2048 3520 ) (896 -2048 3456 ) 
4 85 105 (898 -2048 313 ) (896 -2048 313 ) (896 -1280 313 ) (898 -1280 313 ) 
4 85 86 (896 -1280 313 ) (896 -2048 313 ) (896 -2048 3456 ) (896 -1280 3456 ) 
4 86 156 (736 -2048 313 ) (896 -2048 313 ) (896 -2048 2171.500000 ) (736 -2048 2171.500000 ) 
4 86 152 (896 -2048 2171.500000 ) (896 -2048 2688 ) (736 -2048 2688 ) (736 -2048 2171.500000 ) 
4 86 148 (896 -2048 2688 ) (896 -2048 3456 ) (736 -2048 3456 ) (736 -2048 2688 ) 
4 86 106 (896 -2048 313 ) (736 -2048 313 ) (736 -1024 313 ) (896 -1024 313 ) 
4 86 88 (736 -1024 313 ) (736 -2048 313 ) (736 -2048 320 ) (736 -1024 320 ) 
4 86 87 (736 -2048 320 ) (736 -2048 3456 ) (736 -1024 3456 ) (736 -1024 320 ) 
4 87 157 (736 -2048 320 ) (736 -2048 2171.500000 ) (704 -2048 2171.500000 ) (704 -2048 320 ) 
4 87 152 (736 -2048 2171.500000 ) (736 -2048 2688 ) (704 -2048 2688 ) (704 -2048 2171.500000 ) 
4 87 148 (736 -2048 2688 ) (736 -2048 3456 ) (704 -2048 3456 ) (704 -2048 2688 ) 
4 87 89 (704 -2048 320 ) (704 -2048 3456 ) (704 -1024 3456 ) (704 -1024 320 ) 
4 87 88 (704 -2048 320 ) (704 -1024 320 ) (736 -1024 320 ) (736 -2048 320 ) 
4 88 158 (704 -2048 313 ) (736 -2048 313 ) (736 -2048 320 ) (704 -2048 320 ) 
4 88 107 (736 -2048 313 ) (704 -2048 313 ) (704 -1024 313 ) (736 -1024 313 ) 
4 88 89 (704 -1024 313 ) (704 -2048 313 ) (704 -2048 320 ) (704 -1024 320 ) 
4 89 161 (576 -2048 313 ) (704 -2048 313 ) (704 -2048 320 ) (576 -2048 320 ) 
4 89 160 (704 -2048 320 ) (704 -2048 2171.500000 ) (576 -2048 2171.500000 ) (576 -2048 320 ) 
4 89 152 (704 -2048 2171.500000 ) (704 -2048 2688 ) (640 -2048 2688 ) (640 -2048 2171.500000 ) 
4 89 154 (640 -2048 2688 ) (576 -2048 2688 ) (576 -2048 2171.500000 ) (640 -2048 2171.500000 ) 
4 89 148 (704 -2048 2688 ) (704 -2048 3456 ) (640 -2048 3456 ) (640 -2048 2688 ) 
4 89 150 (640 -2048 3456 ) (576 -2048 3456 ) (576 -2048 2688 ) (640 -2048 2688 ) 
4 89 108 (704 -2048 313 ) (576 -2048 313 ) (576 -1024 313 ) (704 -1024 313 ) 
4 89 96 (576 -1280 313 ) (576 -2048 313 ) (576 -2048 3456 ) (576 -1280 3456 ) 
4 89 95 (576 -1256 313 ) (576 -1280 313 ) (576 -1280 3456 ) (576 -1256 3456 ) 
4 89 94 (576 -1176 313 ) (576 -1256 313 ) (576 -1256 3456 ) (576 -1176 3456 ) 
4 89 93 (576 -1152 313 ) (576 -1176 313 ) (576 -1176 3456 ) (576 -1152 3456 ) 
4 89 91 (576 -1064 313 ) (576 -1088 313 ) (576 -1088 3456 ) (576 -1064 3456 ) 
4 89 90 (576 -1024 313 ) (576 -1064 313 ) (576 -1064 3456 ) (576 -1024 3456 ) 
4 89 92 (576 -1088 313 ) (576 -1152 313 ) (576 -1152 3456 ) (576 -1088 3456 ) 
4 90 109 (574 -1064 313 ) (574 -1024 313 ) (576 -1024 313 ) (576 -1064 313 ) 
4 90 97 (574 -1024 313 ) (574 -1064 313 ) (574 -1064 3520 ) (574 -1024 3520 ) 
4 90 91 (574 -1064 3520 ) (574 -1064 313 ) (576 -1064 313 ) (576 -1064 3520 ) 
4 91 110 (574 -1088 313 ) (574 -1064 313 ) (576 -1064 313 ) (576 -1088 313 ) 
4 91 92 (574 -1088 3520 ) (574 -1088 313 ) (576 -1088 313 ) (576 -1088 3520 ) 
4 91 97 (574 -1064 313 ) (574 -1088 313 ) (574 -1088 3520 ) (574 -1064 3520 ) 
4 92 111 (574 -1152 313 ) (574 -1088 313 ) (576 -1088 313 ) (576 -1152 313 ) 
4 92 93 (574 -1152 3520 ) (574 -1152 313 ) (576 -1152 313 ) (576 -1152 3520 ) 
4 92 97 (574 -1088 313 ) (574 -1152 313 ) (574 -1152 3520 ) (574 -1088 3520 ) 
4 93 112 (574 -1176 313 ) (574 -1152 313 ) (576 -1152 313 ) (576 -1176 313 ) 
4 93 97 (574 -1152 313 ) (574 -1176 313 ) (574 -1176 3520 ) (574 -1152 3520 ) 
4 93 94 (574 -1176 3520 ) (574 -1176 313 ) (576 -1176 313 ) (576 -1176 3520 ) 
4 94 113 (574 -1256 313 ) (574 -1176 313 ) (576 -1176 313 ) (576 -1256 313 ) 
4 94 95 (574 -1256 3520 ) (574 -1256 313 ) (576 -1256 313 ) (576 -1256 3520 ) 
4 94 97 (574 -1176 313 ) (574 -1256 313 ) (574 -1256 3520 ) (574 -1176 3520 ) 
4 95 114 (574 -1280 313 ) (574 -1256 313 ) (576 -1256 313 ) (576 -1280 313 ) 
4 95 97 (574 -1256 313 ) (574 -1280 313 ) (574 -1280 3520 ) (574 -1256 3520 ) 
4 95 96 (574 -1280 3520 ) (574 -1280 313 ) (576 -1280 313 ) (576 -1280 3520 ) 
4 96 161 (574 -2048 313 ) (576 -2048 313 ) (576 -2048 320 ) (574 -2048 320 ) 
4 96 160 (576 -2048 320 ) (576 -2048 2171.500000 ) (574 -2048 2171.500000 ) (574 -2048 320 ) 
4 96 154 (576 -2048 2171.500000 ) (576 -2048 2688 ) (574 -2048 2688 ) (574 -2048 2171.500000 ) 
4 96 150 (576 -2048 2688 ) (576 -2048 3456 ) (574 -2048 3456 ) (574 -2048 2688 ) 
4 96 146 (576 -2048 3456 ) (576 -2048 3520 ) (574 -2048 3520 ) (574 -2048 3456 ) 
4 96 115 (576 -2048 313 ) (574 -2048 313 ) (574 -1280 313 ) (576 -1280 313 ) 
4 96 97 (574 -1280 313 ) (574 -2048 313 ) (574 -2048 3520 ) (574 -1280 3520 ) 
4 97 248 (0 -2048 313 ) (0 -2048 3520 ) (0 -1024 3520 ) (0 -1024 313 ) 
4 97 161 (0 -2048 320 ) (0 -2048 313 ) (574 -2048 313 ) (574 -2048 320 ) 
4 97 160 (0 -2048 2171.500000 ) (0 -2048 320 ) (574 -2048 320 ) (574 -2048 2171.500000 ) 
4 97 154 (0 -2048 2688 ) (0 -2048 2171.500000 ) (574 -2048 2171.500000 ) (574 -2048 2688 ) 
4 97 150 (0 -2048 3456 ) (0 -2048 2688 ) (574 -2048 2688 ) (574 -2048 3456 ) 
4 97 146 (0 -2048 3520 ) (0 -2048 3456 ) (574 -2048 3456 ) (574 -2048 3520 ) 
4 97 116 (574 -2048 313 ) (0 -2048 313 ) (0 -1024 313 ) (574 -1024 313 ) 
4 98 156 (898 -2048 65 ) (1024 -2048 65 ) (1024 -2048 313 ) (898 -2048 313 ) 
4 98 117 (898 -1024 65 ) (1024 -1024 65 ) (1024 -2048 65 ) (898 -2048 65 ) 
4 98 105 (898 -1280 65 ) (898 -2048 65 ) (898 -2048 313 ) (898 -1280 313 ) 
4 98 104 (898 -1256 65 ) (898 -1280 65 ) (898 -1280 313 ) (898 -1256 313 ) 
4 98 102 (898 -1152 65 ) (898 -1176 65 ) (898 -1176 313 ) (898 -1152 313 ) 
4 98 101 (898 -1088 65 ) (898 -1152 65 ) (898 -1152 313 ) (898 -1088 313 ) 
4 98 103 (898 -1176 65 ) (898 -1256 65 ) (898 -1256 313 ) (898 -1176 313 ) 
4 98 100 (898 -1064 65 ) (898 -1088 65 ) (898 -1088 313 ) (898 -1064 313 ) 
4 98 99 (898 -1024 65 ) (898 -1064 65 ) (898 -1064 313 ) (898 -1024 313 ) 
4 99 118 (896 -1024 65 ) (898 -1024 65 ) (898 -1064 65 ) (896 -1064 65 ) 
4 99 106 (896 -1024 65 ) (896 -1064 65 ) (896 -1064 313 ) (896 -1024 313 ) 
4 99 100 (896 -1064 313 ) (896 -1064 65 ) (898 -1064 65 ) (898 -1064 313 ) 
4 100 119 (898 -1064 65 ) (898 -1088 65 ) (896 -1088 65 ) (896 -1064 65 ) 
4 100 106 (896 -1064 65 ) (896 -1088 65 ) (896 -1088 313 ) (896 -1064 313 ) 
4 100 101 (896 -1088 313 ) (896 -1088 65 ) (898 -1088 65 ) (898 -1088 313 ) 
4 101 120 (898 -1088 65 ) (898 -1152 65 ) (896 -1152 65 ) (896 -1088 65 ) 
4 101 106 (896 -1088 65 ) (896 -1152 65 ) (896 -1152 313 ) (896 -1088 313 ) 
4 101 102 (896 -1152 313 ) (896 -1152 65 ) (898 -1152 65 ) (898 -1152 313 ) 
4 102 121 (898 -1152 65 ) (898 -1176 65 ) (896 -1176 65 ) (896 -1152 65 ) 
4 102 106 (896 -1152 65 ) (896 -1176 65 ) (896 -1176 313 ) (896 -1152 313 ) 
4 102 103 (896 -1176 313 ) (896 -1176 65 ) (898 -1176 65 ) (898 -1176 313 ) 
4 103 122 (898 -1176 65 ) (898 -1256 65 ) (896 -1256 65 ) (896 -1176 65 ) 
4 103 106 (896 -1176 65 ) (896 -1256 65 ) (896 -1256 313 ) (896 -1176 313 ) 
4 103 104 (896 -1256 313 ) (896 -1256 65 ) (898 -1256 65 ) (898 -1256 313 ) 
4 104 123 (898 -1256 65 ) (898 -1280 65 ) (896 -1280 65 ) (896 -1256 65 ) 
4 104 106 (896 -1256 65 ) (896 -1280 65 ) (896 -1280 313 ) (896 -1256 313 ) 
4 104 105 (896 -1280 313 ) (896 -1280 65 ) (898 -1280 65 ) (898 -1280 313 ) 
4 105 156 (896 -2048 65 ) (898 -2048 65 ) (898 -2048 313 ) (896 -2048 313 ) 
4 105 124 (898 -1280 65 ) (898 -2048 65 ) (896 -2048 65 ) (896 -1280 65 ) 
4 105 106 (896 -1280 65 ) (896 -2048 65 ) (896 -2048 313 ) (896 -1280 313 ) 
4 106 156 (736 -2048 65 ) (896 -2048 65 ) (896 -2048 313 ) (736 -2048 313 ) 
4 106 125 (736 -1024 65 ) (896 -1024 65 ) (896 -2048 65 ) (736 -2048 65 ) 
4 106 107 (736 -1024 65 ) (736 -2048 65 ) (736 -2048 313 ) (736 -1024 313 ) 
4 107 158 (704 -2048 65 ) (736 -2048 65 ) (736 -2048 313 ) (704 -2048 313 ) 
4 107 126 (704 -1024 65 ) (736 -1024 65 ) (736 -2048 65 ) (704 -2048 65 ) 
4 107 108 (704 -1024 65 ) (704 -2048 65 ) (704 -2048 313 ) (704 -1024 313 ) 
4 108 161 (576 -2048 65 ) (704 -2048 65 ) (704 -2048 313 ) (576 -2048 313 ) 
4 108 127 (576 -1024 65 ) (704 -1024 65 ) (704 -2048 65 ) (576 -2048 65 ) 
4 108 114 (576 -1256 65 ) (576 -1280 65 ) (576 -1280 313 ) (576 -1256 313 ) 
4 108 113 (576 -1176 65 ) (576 -1256 65 ) (576 -1256 313 ) (576 -1176 313 ) 
4 108 115 (576 -1280 65 ) (576 -2048 65 ) (576 -2048 313 ) (576 -1280 313 ) 
4 108 112 (576 -1152 65 ) (576 -1176 65 ) (576 -1176 313 ) (576 -1152 313 ) 
4 108 111 (576 -1088 65 ) (576 -1152 65 ) (576 -1152 313 ) (576 -1088 313 ) 
4 108 110 (576 -1064 65 ) (576 -1088 65 ) (576 -1088 313 ) (576 -1064 313 ) 
4 108 109 (576 -1024 65 ) (576 -1064 65 ) (576 -1064 313 ) (576 -1024 313 ) 
4 109 128 (574 -1024 65 ) (576 -1024 65 ) (576 -1064 65 ) (574 -1064 65 ) 
4 109 116 (574 -1024 65 ) (574 -1064 65 ) (574 -1064 313 ) (574 -1024 313 ) 
4 109 110 (574 -1064 313 ) (574 -1064 65 ) (576 -1064 65 ) (576 -1064 313 ) 
4 110 129 (576 -1064 65 ) (576 -1088 65 ) (574 -1088 65 ) (574 -1064 65 ) 
4 110 111 (574 -1088 313 ) (574 -1088 65 ) (576 -1088 65 ) (576 -1088 313 ) 
4 110 116 (574 -1064 65 ) (574 -1088 65 ) (574 -1088 313 ) (574 -1064 313 ) 
4 111 130 (576 -1088 65 ) (576 -1152 65 ) (574 -1152 65 ) (574 -1088 65 ) 
4 111 116 (574 -1088 65 ) (574 -1152 65 ) (574 -1152 313 ) (574 -1088 313 ) 
4 111 112 (574 -1152 313 ) (574 -1152 65 ) (576 -1152 65 ) (576 -1152 313 ) 
4 112 131 (576 -1152 65 ) (576 -1176 65 ) (574 -1176 65 ) (574 -1152 65 ) 
4 112 113 (574 -1176 313 ) (574 -1176 65 ) (576 -1176 65 ) (576 -1176 313 ) 
4 112 116 (574 -1152 65 ) (574 -1176 65 ) (574 -1176 313 ) (574 -1152 313 ) 
4 113 132 (576 -1176 65 ) (576 -1256 65 ) (574 -1256 65 ) (574 -1176 65 ) 
4 113 116 (574 -1176 65 ) (574 -1256 65 ) (574 -1256 313 ) (574 -1176 313 ) 
4 113 114 (574 -1256 313 ) (574 -1256 65 ) (576 -1256 65 ) (576 -1256 313 ) 
4 114 133 (576 -1256 65 ) (576 -1280 65 ) (574 -1280 65 ) (574 -1256 65 ) 
4 114 115 (574 -1280 313 ) (574 -1280 65 ) (576 -1280 65 ) (576 -1280 313 ) 
4 114 116 (574 -1256 65 ) (574 -1280 65 ) (574 -1280 313 ) (574 -1256 313 ) 
4 115 161 (574 -2048 65 ) (576 -2048 65 ) (576 -2048 313 ) (574 -2048 313 ) 
4 115 134 (576 -1280 65 ) (576 -2048 65 ) (574 -2048 65 ) (574 -1280 65 ) 
4 115 116 (574 -1280 65 ) (574 -2048 65 ) (574 -2048 313 ) (574 -1280 313 ) 
4 116 251 (0 -2048 65 ) (0 -2048 313 ) (0 -1024 313 ) (0 -1024 65 ) 
4 116 161 (0 -2048 313 ) (0 -2048 65 ) (574 -2048 65 ) (574 -2048 313 ) 
4 116 135 (0 -1024 65 ) (574 -1024 65 ) (574 -2048 65 ) (0 -2048 65 ) 
4 117 156 (898 -2048 64 ) (1024 -2048 64 ) (1024 -2048 65 ) (898 -2048 65 ) 
4 117 124 (898 -1280 64 ) (898 -2048 64 ) (898 -2048 65 ) (898 -1280 65 ) 
4 117 123 (898 -1256 64 ) (898 -1280 64 ) (898 -1280 65 ) (898 -1256 65 ) 
4 117 121 (898 -1152 64 ) (898 -1176 64 ) (898 -1176 65 ) (898 -1152 65 ) 
4 117 120 (898 -1088 64 ) (898 -1152 64 ) (898 -1152 65 ) (898 -1088 65 ) 
4 117 122 (898 -1176 64 ) (898 -1256 64 ) (898 -1256 65 ) (898 -1176 65 ) 
4 117 119 (898 -1064 64 ) (898 -1088 64 ) (898 -1088 65 ) (898 -1064 65 ) 
4 117 118 (898 -1024 64 ) (898 -1064 64 ) (898 -1064 65 ) (898 -1024 65 ) 
4 118 125 (896 -1024 64 ) (896 -1064 64 ) (896 -1064 65 ) (896 -1024 65 ) 
4 118 119 (896 -1064 65 ) (896 -1064 64 ) (898 -1064 64 ) (898 -1064 65 ) 
4 119 125 (896 -1064 64 ) (896 -1088 64 ) (896 -1088 65 ) (896 -1064 65 ) 
4 119 120 (896 -1088 65 ) (896 -1088 64 ) (898 -1088 64 ) (898 -1088 65 ) 
4 120 125 (896 -1088 64 ) (896 -1152 64 ) (896 -1152 65 ) (896 -1088 65 ) 
4 120 121 (896 -1152 65 ) (896 -1152 64 ) (898 -1152 64 ) (898 -1152 65 ) 
4 121 125 (896 -1152 64 ) (896 -1176 64 ) (896 -1176 65 ) (896 -1152 65 ) 
4 121 122 (896 -1176 65 ) (896 -1176 64 ) (898 -1176 64 ) (898 -1176 65 ) 
4 122 125 (896 -1176 64 ) (896 -1256 64 ) (896 -1256 65 ) (896 -1176 65 ) 
4 122 123 (896 -1256 65 ) (896 -1256 64 ) (898 -1256 64 ) (898 -1256 65 ) 
4 123 125 (896 -1256 64 ) (896 -1280 64 ) (896 -1280 65 ) (896 -1256 65 ) 
4 123 124 (896 -1280 65 ) (896 -1280 64 ) (898 -1280 64 ) (898 -1280 65 ) 
4 124 156 (896 -2048 64 ) (898 -2048 64 ) (898 -2048 65 ) (896 -2048 65 ) 
4 124 125 (896 -1280 64 ) (896 -2048 64 ) (896 -2048 65 ) (896 -1280 65 ) 
4 125 156 (736 -2048 64 ) (896 -2048 64 ) (896 -2048 65 ) (736 -2048 65 ) 
4 125 126 (736 -1024 64 ) (736 -2048 64 ) (736 -2048 65 ) (736 -1024 65 ) 
4 126 158 (704 -2048 64 ) (736 -2048 64 ) (736 -2048 65 ) (704 -2048 65 ) 
4 126 127 (704 -1024 64 ) (704 -2048 64 ) (704 -2048 65 ) (704 -1024 65 ) 
4 127 161 (576 -2048 64 ) (704 -2048 64 ) (704 -2048 65 ) (576 -2048 65 ) 
4 127 134 (576 -1280 64 ) (576 -2048 64 ) (576 -2048 65 ) (576 -1280 65 ) 
4 127 133 (576 -1256 64 ) (576 -1280 64 ) (576 -1280 65 ) (576 -1256 65 ) 
4 127 132 (576 -1176 64 ) (576 -1256 64 ) (576 -1256 65 ) (576 -1176 65 ) 
4 127 131 (576 -1152 64 ) (576 -1176 64 ) (576 -1176 65 ) (576 -1152 65 ) 
4 127 129 (576 -1064 64 ) (576 -1088 64 ) (576 -1088 65 ) (576 -1064 65 ) 
4 127 128 (576 -1024 64 ) (576 -1064 64 ) (576 -1064 65 ) (576 -1024 65 ) 
4 127 130 (576 -1088 64 ) (576 -1152 64 ) (576 -1152 65 ) (576 -1088 65 ) 
4 128 135 (574 -1024 64 ) (574 -1064 64 ) (574 -1064 65 ) (574 -1024 65 ) 
4 128 129 (574 -1064 65 ) (574 -1064 64 ) (576 -1064 64 ) (576 -1064 65 ) 
4 129 130 (574 -1088 65 ) (574 -1088 64 ) (576 -1088 64 ) (576 -1088 65 ) 
4 129 135 (574 -1064 64 ) (574 -1088 64 ) (574 -1088 65 ) (574 -1064 65 ) 
4 130 131 (574 -1152 65 ) (574 -1152 64 ) (576 -1152 64 ) (576 -1152 65 ) 
4 130 135 (574 -1088 64 ) (574 -1152 64 ) (574 -1152 65 ) (574 -1088 65 ) 
4 131 135 (574 -1152 64 ) (574 -1176 64 ) (574 -1176 65 ) (574 -1152 65 ) 
4 131 132 (574 -1176 65 ) (574 -1176 64 ) (576 -1176 64 ) (576 -1176 65 ) 
4 132 133 (574 -1256 65 ) (574 -1256 64 ) (576 -1256 64 ) (576 -1256 65 ) 
4 132 135 (574 -1176 64 ) (574 -1256 64 ) (574 -1256 65 ) (574 -1176 65 ) 
4 133 135 (574 -1256 64 ) (574 -1280 64 ) (574 -1280 65 ) (574 -1256 65 ) 
4 133 134 (574 -1280 65 ) (574 -1280 64 ) (576 -1280 64 ) (576 -1280 65 ) 
4 134 161 (574 -2048 64 ) (576 -2048 64 ) (576 -2048 65 ) (574 -2048 65 ) 
4 134 135 (574 -1280 64 ) (574 -2048 64 ) (574 -2048 65 ) (574 -1280 65 ) 
4 135 252 (0 -2048 64 ) (0 -2048 65 ) (0 -1024 65 ) (0 -1024 64 ) 
4 135 161 (0 -2048 65 ) (0 -2048 64 ) (574 -2048 64 ) (574 -2048 65 ) 
4 136 167 (2048 -3072 2752 ) (2048 -3072 4351 ) (1024 -3072 4351 ) (1024 -3072 2752 ) 
4 136 151 (1024 -2880 2752 ) (1024 -3072 2752 ) (1024 -3072 3456 ) (1024 -2880 3456 ) 
4 136 149 (1024 -2240 2752 ) (1024 -2880 2752 ) (1024 -2880 3456 ) (1024 -2240 3456 ) 
4 136 148 (1024 -2048 3456 ) (1024 -2048 2752 ) (1024 -2240 2752 ) (1024 -2240 3456 ) 
4 136 145 (1024 -2048 3520 ) (1024 -2048 3456 ) (1024 -3072 3456 ) (1024 -3072 3520 ) 
4 136 144 (1024 -2048 4351 ) (1024 -2048 3520 ) (1024 -3072 3520 ) (1024 -3072 4351 ) 
4 136 137 (1024 -2240 2752 ) (1024 -2048 2752 ) (2048 -2048 2752 ) (2048 -2240 2752 ) 
4 137 148 (1024 -2048 2752 ) (1024 -2048 2688 ) (1024 -2240 2688 ) (1024 -2240 2752 ) 
4 137 138 (1024 -2048 2688 ) (2048 -2048 2688 ) (2048 -2240 2688 ) (1024 -2240 2688 ) 
4 138 152 (1024 -2048 2688 ) (1024 -2048 2171.500000 ) (1024 -2240 2171.500000 ) (1024 -2240 2688 ) 
4 138 141 (1408 -2048 2171.500000 ) (2048 -2048 2171.500000 ) (2048 -2240 2171.500000 ) (1408 -2240 2171.500000 ) 
4 138 143 (1024 -2240 2171.500000 ) (1024 -2048 2171.500000 ) (1408 -2048 2171.500000 ) (1408 -2240 2171.500000 ) 
4 138 139 (2048 -2240 2235.500000 ) (2048 -2240 2688 ) (1024 -2240 2688 ) (1024 -2240 2235.500000 ) 
4 139 153 (1024 -2880 2235.500000 ) (1024 -2880 2688 ) (1024 -2240 2688 ) (1024 -2240 2235.500000 ) 
4 139 140 (2048 -2880 2235.500000 ) (2048 -2880 2688 ) (1024 -2880 2688 ) (1024 -2880 2235.500000 ) 
4 140 168 (2048 -3072 2235.500000 ) (2048 -3072 2688 ) (1024 -3072 2688 ) (1024 -3072 2235.500000 ) 
4 140 155 (1024 -3072 2235.500000 ) (1024 -3072 2688 ) (1024 -2880 2688 ) (1024 -2880 2235.500000 ) 
4 141 169 (2048 -3072 1280 ) (2048 -3072 2171.500000 ) (1408 -3072 2171.500000 ) (1408 -3072 1280 ) 
4 141 143 (1408 -3072 1280 ) (1408 -3072 2171.500000 ) (1408 -2048 2171.500000 ) (1408 -2048 1280 ) 
4 142 171 (2048 -3072 64 ) (2048 -3072 1216 ) (1408 -3072 1216 ) (1408 -3072 64 ) 
4 142 143 (1408 -2048 64 ) (1408 -3072 64 ) (1408 -3072 1216 ) (1408 -2048 1216 ) 
4 143 171 (1024 -3072 1216 ) (1024 -3072 64 ) (1408 -3072 64 ) (1408 -3072 1216 ) 
4 143 170 (1408 -3072 2171.500000 ) (1024 -3072 2171.500000 ) (1024 -3072 1216 ) (1408 -3072 1216 ) 
4 143 156 (1024 -2048 2171.500000 ) (1024 -2048 64 ) (1024 -3072 64 ) (1024 -3072 2171.500000 ) 
4 144 261 (0 -3072 3520 ) (0 -3072 4351 ) (0 -2048 4351 ) (0 -2048 3520 ) 
4 144 173 (576 -3072 3520 ) (896 -3072 3520 ) (896 -3072 4351 ) (576 -3072 4351 ) 
4 144 172 (896 -3072 3520 ) (1024 -3072 3520 ) (1024 -3072 4351 ) (896 -3072 4351 ) 
4 144 174 (0 -3072 4351 ) (0 -3072 3520 ) (576 -3072 3520 ) (576 -3072 4351 ) 
4 144 146 (0 -2784 3520 ) (0 -2048 3520 ) (576 -2048 3520 ) (576 -2784 3520 ) 
4 144 147 (576 -3072 3520 ) (0 -3072 3520 ) (0 -2816 3520 ) (576 -2816 3520 ) 
4 144 145 (1024 -2048 3520 ) (1024 -3072 3520 ) (896 -3072 3520 ) (896 -2048 3520 ) 
4 145 172 (896 -3072 3456 ) (1024 -3072 3456 ) (1024 -3072 3520 ) (896 -3072 3520 ) 
4 145 151 (1024 -3072 3456 ) (896 -3072 3456 ) (896 -2880 3456 ) (1024 -2880 3456 ) 
4 145 149 (896 -2880 3456 ) (896 -2240 3456 ) (1024 -2240 3456 ) (1024 -2880 3456 ) 
4 145 148 (896 -2240 3456 ) (896 -2048 3456 ) (1024 -2048 3456 ) (1024 -2240 3456 ) 
4 146 262 (0 -2784 3520 ) (0 -2048 3520 ) (0 -2048 3456 ) (0 -2784 3456 ) 
4 146 150 (0 -2784 3456 ) (0 -2048 3456 ) (576 -2048 3456 ) (576 -2784 3456 ) 
4 147 263 (0 -3072 3456 ) (0 -3072 3520 ) (0 -2816 3520 ) (0 -2816 3456 ) 
4 147 174 (0 -3072 3520 ) (0 -3072 3456 ) (576 -3072 3456 ) (576 -3072 3520 ) 
4 147 151 (576 -3072 3456 ) (0 -3072 3456 ) (0 -2880 3456 ) (576 -2880 3456 ) 
4 147 150 (0 -2880 3456 ) (0 -2816 3456 ) (576 -2816 3456 ) (576 -2880 3456 ) 
4 148 152 (1024 -2048 2688 ) (1024 -2240 2688 ) (640 -2240 2688 ) (640 -2048 2688 ) 
4 148 149 (640 -2240 3456 ) (640 -2240 2752 ) (1024 -2240 2752 ) (1024 -2240 3456 ) 
4 148 150 (640 -2048 2688 ) (640 -2240 2688 ) (640 -2240 3456 ) (640 -2048 3456 ) 
4 149 151 (1024 -2880 2752 ) (1024 -2880 3456 ) (640 -2880 3456 ) (640 -2880 2752 ) 
4 149 150 (640 -2880 2752 ) (640 -2880 3456 ) (640 -2240 3456 ) (640 -2240 2752 ) 
4 150 265 (0 -2079 3456 ) (0 -2048 3456 ) (0 -2048 2688 ) (0 -2079 2688 ) 
4 150 267 (0 -2880 3456 ) (0 -2079 3456 ) (0 -2079 2688 ) (0 -2880 2688 ) 
4 150 154 (640 -2880 2688 ) (0 -2880 2688 ) (0 -2048 2688 ) (640 -2048 2688 ) 
4 150 151 (640 -2880 2752 ) (640 -2880 3456 ) (0 -2880 3456 ) (0 -2880 2752 ) 
4 151 268 (0 -3072 2752 ) (0 -3072 3456 ) (0 -2880 3456 ) (0 -2880 2752 ) 
4 151 175 (0 -3072 3456 ) (0 -3072 2752 ) (1024 -3072 2752 ) (1024 -3072 3456 ) 
4 152 160 (640 -2079 2171.500000 ) (640 -2048 2171.500000 ) (704 -2048 2171.500000 ) (704 -2079 2171.500000 ) 
4 152 162 (704 -2240 2171.500000 ) (640 -2240 2171.500000 ) (640 -2079 2171.500000 ) (704 -2079 2171.500000 ) 
4 152 157 (704 -2080 2171.500000 ) (704 -2048 2171.500000 ) (736 -2048 2171.500000 ) (736 -2080 2171.500000 ) 
4 152 159 (736 -2240 2171.500000 ) (704 -2240 2171.500000 ) (704 -2080 2171.500000 ) (736 -2080 2171.500000 ) 
4 152 156 (1024 -2048 2171.500000 ) (1024 -2240 2171.500000 ) (736 -2240 2171.500000 ) (736 -2048 2171.500000 ) 
4 152 153 (640 -2240 2688 ) (640 -2240 2235.500000 ) (1024 -2240 2235.500000 ) (1024 -2240 2688 ) 
4 152 154 (640 -2048 2171.500000 ) (640 -2240 2171.500000 ) (640 -2240 2688 ) (640 -2048 2688 ) 
4 153 155 (1024 -2880 2235.500000 ) (1024 -2880 2688 ) (640 -2880 2688 ) (640 -2880 2235.500000 ) 
4 153 154 (640 -2880 2235.500000 ) (640 -2880 2688 ) (640 -2240 2688 ) (640 -2240 2235.500000 ) 
4 154 265 (0 -2079 2688 ) (0 -2048 2688 ) (0 -2048 2171.500000 ) (0 -2079 2171.500000 ) 
4 154 267 (0 -2880 2688 ) (0 -2079 2688 ) (0 -2079 2171.500000 ) (0 -2880 2171.500000 ) 
4 154 160 (0 -2079 2171.500000 ) (0 -2048 2171.500000 ) (640 -2048 2171.500000 ) (640 -2079 2171.500000 ) 
4 154 162 (640 -2880 2171.500000 ) (0 -2880 2171.500000 ) (0 -2079 2171.500000 ) (640 -2079 2171.500000 ) 
4 154 155 (640 -2880 2235.500000 ) (640 -2880 2688 ) (0 -2880 2688 ) (0 -2880 2235.500000 ) 
4 155 269 (0 -3072 2235.500000 ) (0 -3072 2688 ) (0 -2880 2688 ) (0 -2880 2235.500000 ) 
4 155 176 (0 -3072 2688 ) (0 -3072 2235.500000 ) (1024 -3072 2235.500000 ) (1024 -3072 2688 ) 
4 156 177 (736 -3072 64 ) (1024 -3072 64 ) (1024 -3072 2171.500000 ) (736 -3072 2171.500000 ) 
4 156 158 (736 -2048 64 ) (736 -2080 64 ) (736 -2080 320 ) (736 -2048 320 ) 
4 156 157 (736 -2080 320 ) (736 -2080 2171.500000 ) (736 -2048 2171.500000 ) (736 -2048 320 ) 
4 156 159 (736 -2080 64 ) (736 -3072 64 ) (736 -3072 2171.500000 ) (736 -2080 2171.500000 ) 
4 157 160 (704 -2079 2171.500000 ) (704 -2048 2171.500000 ) (704 -2048 320 ) (704 -2079 320 ) 
4 157 162 (704 -2080 320 ) (704 -2080 2171.500000 ) (704 -2079 2171.500000 ) (704 -2079 320 ) 
4 157 159 (704 -2080 2171.500000 ) (704 -2080 320 ) (736 -2080 320 ) (736 -2080 2171.500000 ) 
4 157 158 (736 -2080 320 ) (704 -2080 320 ) (704 -2048 320 ) (736 -2048 320 ) 
4 158 161 (704 -2048 64 ) (704 -2079 64 ) (704 -2079 320 ) (704 -2048 320 ) 
4 158 162 (704 -2079 64 ) (704 -2080 64 ) (704 -2080 320 ) (704 -2079 320 ) 
4 158 159 (704 -2080 320 ) (704 -2080 64 ) (736 -2080 64 ) (736 -2080 320 ) 
4 159 177 (704 -3072 64 ) (736 -3072 64 ) (736 -3072 2171.500000 ) (704 -3072 2171.500000 ) 
4 159 162 (704 -2080 64 ) (704 -3072 64 ) (704 -3072 2171.500000 ) (704 -2080 2171.500000 ) 
4 160 265 (0 -2079 2171.500000 ) (0 -2048 2171.500000 ) (0 -2048 320 ) (0 -2079 320 ) 
4 160 162 (704 -2079 320 ) (704 -2079 2171.500000 ) (0 -2079 2171.500000 ) (0 -2079 320 ) 
4 160 161 (704 -2079 320 ) (0 -2079 320 ) (0 -2048 320 ) (704 -2048 320 ) 
4 161 266 (0 -2048 320 ) (0 -2048 64 ) (0 -2079 64 ) (0 -2079 320 ) 
4 161 162 (0 -2079 64 ) (704 -2079 64 ) (704 -2079 320 ) (0 -2079 320 ) 
4 162 270 (0 -3072 64 ) (0 -3072 2171.500000 ) (0 -2880 2171.500000 ) (0 -2880 64 ) 
4 162 267 (0 -2880 2171.500000 ) (0 -2079 2171.500000 ) (0 -2079 64 ) (0 -2880 64 ) 
4 162 177 (0 -3072 2171.500000 ) (0 -3072 64 ) (704 -3072 64 ) (704 -3072 2171.500000 ) 
4 163 167 (2048 -3072 4351 ) (2048 -3072 2752 ) (2048 -3135 2752 ) (2048 -3135 4351 ) 
4 164 168 (2048 -3072 2688 ) (2048 -3072 2235.500000 ) (2048 -3135 2235.500000 ) (2048 -3135 2688 ) 
4 165 169 (2048 -3072 2171.500000 ) (2048 -3072 1280 ) (2048 -3135 1280 ) (2048 -3135 2171.500000 ) 
4 166 171 (2048 -3072 1216 ) (2048 -3072 64 ) (2048 -3135 64 ) (2048 -3135 1216 ) 
4 167 175 (1024 -3072 3456 ) (1024 -3072 2752 ) (1024 -3135 2752 ) (1024 -3135 3456 ) 
4 167 172 (1024 -3072 4351 ) (1024 -3072 3456 ) (1024 -3135 3456 ) (1024 -3135 4351 ) 
4 168 176 (1024 -3072 2688 ) (1024 -3072 2235.500000 ) (1024 -3135 2235.500000 ) (1024 -3135 2688 ) 
4 169 170 (1408 -3135 1280 ) (1408 -3135 2171.500000 ) (1408 -3072 2171.500000 ) (1408 -3072 1280 ) 
4 170 177 (1024 -3072 2171.500000 ) (1024 -3072 1216 ) (1024 -3135 1216 ) (1024 -3135 2171.500000 ) 
4 170 171 (1408 -3135 1216 ) (1024 -3135 1216 ) (1024 -3072 1216 ) (1408 -3072 1216 ) 
4 171 177 (1024 -3072 1216 ) (1024 -3072 64 ) (1024 -3135 64 ) (1024 -3135 1216 ) 
4 172 175 (1024 -3135 3456 ) (896 -3135 3456 ) (896 -3072 3456 ) (1024 -3072 3456 ) 
4 172 173 (896 -3135 3520 ) (896 -3135 4351 ) (896 -3072 4351 ) (896 -3072 3520 ) 
4 173 174 (576 -3135 3520 ) (576 -3135 4351 ) (576 -3072 4351 ) (576 -3072 3520 ) 
4 174 287 (0 -3135 3456 ) (0 -3135 4351 ) (0 -3072 4351 ) (0 -3072 3456 ) 
4 174 175 (576 -3135 3456 ) (0 -3135 3456 ) (0 -3072 3456 ) (576 -3072 3456 ) 
4 175 287 (0 -3135 2752 ) (0 -3135 3456 ) (0 -3072 3456 ) (0 -3072 2752 ) 
4 176 290 (0 -3135 2235.500000 ) (0 -3135 2688 ) (0 -3072 2688 ) (0 -3072 2235.500000 ) 
4 177 291 (0 -3135 64 ) (0 -3135 2171.500000 ) (0 -3072 2171.500000 ) (0 -3072 64 ) 
4 178 206 (0 0 2752 ) (0 0 3456 ) (-192 0 3456 ) (-192 0 2752 ) 
4 178 203 (0 0 3456 ) (0 0 4351 ) (-192 0 4351 ) (-192 0 3456 ) 
4 178 181 (0 0 2752 ) (-192 0 2752 ) (-192 448 2752 ) (0 448 2752 ) 
4 178 179 (-192 0 3520 ) (-192 0 4351 ) (-192 704 4351 ) (-192 704 3520 ) 
4 178 180 (-192 704 2752 ) (-192 0 2752 ) (-192 0 3456 ) (-192 704 3456 ) 
4 179 204 (-192 0 4351 ) (-512 0 4351 ) (-512 0 3520 ) (-192 0 3520 ) 
4 179 185 (-512 704 4351 ) (-512 704 3520 ) (-512 0 3520 ) (-512 0 4351 ) 
4 180 206 (-512 0 3456 ) (-512 0 2752 ) (-192 0 2752 ) (-192 0 3456 ) 
4 180 190 (-512 704 3456 ) (-512 704 2752 ) (-512 448 2752 ) (-512 448 3456 ) 
4 180 191 (-512 448 2752 ) (-512 0 2752 ) (-512 0 3456 ) (-512 448 3456 ) 
4 180 181 (-192 0 2752 ) (-512 0 2752 ) (-512 448 2752 ) (-192 448 2752 ) 
4 181 206 (0 0 2688 ) (0 0 2752 ) (-512 0 2752 ) (-512 0 2688 ) 
4 181 191 (-512 448 2688 ) (-512 0 2688 ) (-512 0 2752 ) (-512 448 2752 ) 
4 181 183 (0 0 2688 ) (-512 0 2688 ) (-512 448 2688 ) (0 448 2688 ) 
4 182 188 (-512 704 2688 ) (-512 704 2240 ) (-512 448 2240 ) (-512 448 2688 ) 
4 182 183 (0 448 2239 ) (0 448 2688 ) (-512 448 2688 ) (-512 448 2239 ) 
4 183 206 (0 0 2175 ) (0 0 2688 ) (-512 0 2688 ) (-512 0 2175 ) 
4 183 191 (-512 448 2175 ) (-512 0 2175 ) (-512 0 2688 ) (-512 448 2688 ) 
4 183 184 (-512 0 2175 ) (-512 448 2175 ) (0 448 2175 ) (0 0 2175 ) 
4 184 213 (0 0 64 ) (0 0 65 ) (-512 0 65 ) (-512 0 64 ) 
4 184 210 (0 0 65 ) (0 0 313 ) (-512 0 313 ) (-512 0 65 ) 
4 184 206 (0 0 313 ) (0 0 2175 ) (-512 0 2175 ) (-512 0 313 ) 
4 184 189 (-512 704 2175 ) (-512 704 64 ) (-512 448 64 ) (-512 448 2175 ) 
4 184 191 (-512 448 64 ) (-512 0 64 ) (-512 0 2175 ) (-512 448 2175 ) 
4 185 205 (-512 0 3520 ) (-512 0 4351 ) (-1024 0 4351 ) (-1024 0 3520 ) 
4 185 194 (-1024 346.026001 4351 ) (-1024 378.026001 4351 ) (-1024 378.026001 3520 ) (-1024 346.026001 3520 ) 
4 185 193 (-1024 378.026001 4351 ) (-1024 448 4351 ) (-1024 448 3520 ) (-1024 378.026001 3520 ) 
4 185 195 (-1024 0 3520 ) (-1024 0 4351 ) (-1024 346.026001 4351 ) (-1024 346.026001 3520 ) 
4 185 192 (-1024 448 4351 ) (-1024 704 4351 ) (-1024 704 3520 ) (-1024 448 3520 ) 
4 185 186 (-1024 378.026001 3520 ) (-1024 704 3520 ) (-512 704 3520 ) (-512 378.026001 3520 ) 
4 185 187 (-1024 0 3520 ) (-1024 346.026001 3520 ) (-512 346.026001 3520 ) (-512 0 3520 ) 
4 186 193 (-1024 378.026001 3520 ) (-1024 448 3520 ) (-1024 448 3456 ) (-1024 378.026001 3456 ) 
4 186 192 (-1024 448 3520 ) (-1024 704 3520 ) (-1024 704 3456 ) (-1024 448 3456 ) 
4 186 190 (-1024 704 3456 ) (-512 704 3456 ) (-512 448 3456 ) (-1024 448 3456 ) 
4 186 191 (-512 448 3456 ) (-512 378.026001 3456 ) (-1024 378.026001 3456 ) (-1024 448 3456 ) 
4 187 205 (-512 0 3456 ) (-512 0 3520 ) (-1024 0 3520 ) (-1024 0 3456 ) 
4 187 195 (-1024 0 3456 ) (-1024 0 3520 ) (-1024 346.026001 3520 ) (-1024 346.026001 3456 ) 
4 187 191 (-512 346.026001 3456 ) (-512 0 3456 ) (-1024 0 3456 ) (-1024 346.026001 3456 ) 
4 188 199 (-1024 704 3200 ) (-1024 704 1944.615479 ) (-1024 448 1944.615356 ) (-1024 448 3200 ) 
4 188 191 (-512 448 2240 ) (-512 448 2688 ) (-1024 448 3200 ) (-1024 448 1944.615479 ) 
4 189 200 (-1024 704 1880.615601 ) (-1024 704 64 ) (-1024 448 64 ) (-1024 448 1880.615479 ) 
4 189 191 (-1024 448 64 ) (-512 448 64 ) (-512 448 2176 ) (-1024 448 1880.615601 ) 
4 190 201 (-1024 448 3456 ) (-1024 704 3456 ) (-1024 704 3264 ) (-1024 448 3264 ) 
4 190 191 (-512 448 2752 ) (-512 448 3456 ) (-1024 448 3456 ) (-1024 448 3264 ) 
4 191 213 (-512 0 64 ) (-512 0 65 ) (-1024 0 65 ) (-1024 0 64 ) 
4 191 210 (-512 0 65 ) (-512 0 313 ) (-1024 0 313 ) (-1024 0 65 ) 
4 191 206 (-512 0 313 ) (-512 0 3456 ) (-1024 0 3456 ) (-1024 0 313 ) 
4 191 202 (-1024 0 64 ) (-1024 0 3456 ) (-1024 448 3456 ) (-1024 448 64 ) 
4 192 201 (-1216 704 3456 ) (-1024 704 3456 ) (-1024 448 3456 ) (-1216 448 3456 ) 
4 192 196 (-1280 448 3520 ) (-1280 448 4351 ) (-1280 704 4351 ) (-1280 704 3520 ) 
5 192 193 (-1280 448 4351 ) (-1280 448 3520 ) (-1216 448 3456 ) (-1024 448 3456 ) (-1024 448 4351 ) 
4 193 202 (-1280 378.026001 3456 ) (-1280 448 3456 ) (-1024 448 3456 ) (-1024 378.026001 3456 ) 
4 193 196 (-1280 448 3456 ) (-1280 378.026001 3456 ) (-1280 378.026001 4351 ) (-1280 448 4351 ) 
4 193 194 (-1280 378.026001 4351 ) (-1280 378.026001 3520 ) (-1024 378.026001 3520 ) (-1024 378.026001 4351 ) 
4 194 196 (-1280 346.026001 3520 ) (-1280 346.026001 4351 ) (-1280 378.026001 4351 ) (-1280 378.026001 3520 ) 
4 194 195 (-1280 346.026001 4351 ) (-1280 346.026001 3520 ) (-1024 346.026001 3520 ) (-1024 346.026001 4351 ) 
4 195 217 (-1280 0 3456 ) (-1024 0 3456 ) (-1024 0 3520 ) (-1280 0 3520 ) 
4 195 216 (-1024 0 3520 ) (-1024 0 4351 ) (-1280 0 4351 ) (-1280 0 3520 ) 
4 195 202 (-1024 0 3456 ) (-1280 0 3456 ) (-1280 346.026001 3456 ) (-1024 346.026001 3456 ) 
4 195 196 (-1280 346.026001 3456 ) (-1280 0 3456 ) (-1280 0 4351 ) (-1280 346.026001 4351 ) 
4 196 217 (-1280.689941 0 3456 ) (-1280 0 3456 ) (-1280 0 3520 ) (-1280.689941 0 3520 ) 
4 196 216 (-1280 0 3520 ) (-1280 0 4351 ) (-1280.689941 0 4351 ) (-1280.689941 0 3520 ) 
4 196 199 (-1280.689941 448 3456 ) (-1280.689941 704 3456 ) (-1280 704 3456 ) (-1280 448 3456 ) 
4 196 202 (-1280 0 3456 ) (-1280.689941 0 3456 ) (-1280.689941 448 3456 ) (-1280 448 3456 ) 
4 196 197 (-1280.689941 0 3520 ) (-1280.689941 0 4351 ) (-1280.689941 704 4351 ) (-1280.689941 704 3520 ) 
4 197 216 (-1280.689941 0 3520 ) (-1280.689941 0 4351 ) (-1600.689941 0 4351 ) (-1600.689941 0 3520 ) 
4 197 198 (-1600.689941 0 3520 ) (-1600.689941 0 4351 ) (-1600.689941 704 4351 ) (-1600.689941 704 3520 ) 
4 198 234 (-2048 448 4351 ) (-2048 704 4351 ) (-2048 704 3456 ) (-2048 448 3456 ) 
4 198 236 (-2048 0 3456 ) (-2048 0 4351 ) (-2048 448 4351 ) (-2048 448 3456 ) 
4 198 218 (-2048 0 3520 ) (-2048 0 3456 ) (-1600.689941 0 3456 ) (-1600.689941 0 3520 ) 
4 198 216 (-2048 0 4351 ) (-2048 0 3520 ) (-1600.689941 0 3520 ) (-1600.689941 0 4351 ) 
4 198 199 (-2048 448 3456 ) (-2048 704 3456 ) (-1600.689941 704 3456 ) (-1600.689941 448 3456 ) 
4 198 202 (-1600.689941 0 3456 ) (-2048 0 3456 ) (-2048 448 3456 ) (-1600.689941 448 3456 ) 
4 199 234 (-2048 448 3456 ) (-2048 704 3456 ) (-2048 704 1353.846191 ) (-2048 448 1353.846191 ) 
5 199 202 (-1024 448 1944.615356 ) (-1024 448 3200 ) (-1280 448 3456 ) (-2048 448 3456 ) (-2048 448 1353.846191 ) 
4 200 238 (-2048 704 1216 ) (-2048 704 64 ) (-2048 448 64 ) (-2048 448 1216 ) 
4 200 235 (-2048 704 1289.846313 ) (-2048 704 1216 ) (-2048 448 1216 ) (-2048 448 1289.846313 ) 
4 200 202 (-2048 448 64 ) (-1024 448 64 ) (-1024 448 1880.615479 ) (-2048 448 1289.846313 ) 
3 201 202 (-1024 448 3264 ) (-1024 448 3456 ) (-1216 448 3456 ) 
4 202 238 (-2048 0 64 ) (-2048 0 1216 ) (-2048 448 1216 ) (-2048 448 64 ) 
4 202 236 (-2048 0 1216 ) (-2048 0 3456 ) (-2048 448 3456 ) (-2048 448 1216 ) 
4 202 233 (-2048 0 65 ) (-2048 0 64 ) (-1408 0 64 ) (-1408 0 65 ) 
4 202 230 (-1408 0 64 ) (-1024 0 64 ) (-1024 0 65 ) (-1408 0 65 ) 
4 202 228 (-2048 0 313 ) (-2048 0 65 ) (-1408 0 65 ) (-1408 0 313 ) 
4 202 225 (-1408 0 65 ) (-1024 0 65 ) (-1024 0 313 ) (-1408 0 313 ) 
4 202 223 (-2048 0 3456 ) (-2048 0 313 ) (-1408 0 313 ) (-1408 0 3456 ) 
4 202 219 (-1408 0 313 ) (-1024 0 313 ) (-1024 0 3456 ) (-1408 0 3456 ) 
4 203 248 (0 -1024 3456 ) (0 -1024 3520 ) (-192 -1024 3520 ) (-192 -1024 3456 ) 
4 203 247 (0 -1024 3520 ) (0 -1024 4351 ) (-192 -1024 4351 ) (-192 -1024 3520 ) 
4 203 207 (0 -352 3456 ) (0 -384 3456 ) (-192 -384 3456 ) (-192 -352 3456 ) 
4 203 206 (-192 0 3456 ) (0 0 3456 ) (0 -352 3456 ) (-192 -352 3456 ) 
4 203 209 (0 -384 3456 ) (0 -1024 3456 ) (-192 -1024 3456 ) (-192 -384 3456 ) 
4 203 204 (-192 -1024 3520 ) (-192 -1024 4351 ) (-192 0 4351 ) (-192 0 3520 ) 
4 204 247 (-192 -1024 4351 ) (-512 -1024 4351 ) (-512 -1024 3520 ) (-192 -1024 3520 ) 
4 204 205 (-512 -1024 3520 ) (-512 -1024 4351 ) (-512 0 4351 ) (-512 0 3520 ) 
4 205 250 (-1024 -1024 3520 ) (-1024 -1024 3456 ) (-512 -1024 3456 ) (-512 -1024 3520 ) 
4 205 247 (-512 -1024 4351 ) (-1024 -1024 4351 ) (-1024 -1024 3520 ) (-512 -1024 3520 ) 
4 205 217 (-1024 0 3520 ) (-1024 0 3456 ) (-1024 -1024 3456 ) (-1024 -1024 3520 ) 
4 205 216 (-1024 0 4351 ) (-1024 0 3520 ) (-1024 -1024 3520 ) (-1024 -1024 4351 ) 
4 205 207 (-512 -352 3456 ) (-512 -384 3456 ) (-1024 -384 3456 ) (-1024 -352 3456 ) 
4 205 206 (-1024 0 3456 ) (-512 0 3456 ) (-512 -352 3456 ) (-1024 -352 3456 ) 
4 205 209 (-512 -384 3456 ) (-512 -1024 3456 ) (-1024 -1024 3456 ) (-1024 -384 3456 ) 
4 206 219 (-1024 0 3456 ) (-1024 0 313 ) (-1024 -352 313 ) (-1024 -352 3456 ) 
4 206 210 (-1024 -352 313 ) (-1024 0 313 ) (0 0 313 ) (0 -352 313 ) 
4 206 208 (-1024 -352 313 ) (0 -352 313 ) (0 -352 320 ) (-1024 -352 320 ) 
4 206 207 (0 -352 320 ) (0 -352 3456 ) (-1024 -352 3456 ) (-1024 -352 320 ) 
4 207 220 (-1024 -384 320 ) (-1024 -384 3456 ) (-1024 -352 3456 ) (-1024 -352 320 ) 
4 207 209 (0 -384 320 ) (0 -384 3456 ) (-1024 -384 3456 ) (-1024 -384 320 ) 
4 207 208 (0 -384 320 ) (-1024 -384 320 ) (-1024 -352 320 ) (0 -352 320 ) 
4 208 221 (-1024 -352 313 ) (-1024 -384 313 ) (-1024 -384 320 ) (-1024 -352 320 ) 
4 208 211 (-1024 -384 313 ) (-1024 -352 313 ) (0 -352 313 ) (0 -384 313 ) 
4 208 209 (-1024 -384 313 ) (0 -384 313 ) (0 -384 320 ) (-1024 -384 320 ) 
4 209 249 (-192 -1024 3456 ) (-512 -1024 3456 ) (-512 -1024 313 ) (-192 -1024 313 ) 
4 209 248 (0 -1024 313 ) (0 -1024 3456 ) (-192 -1024 3456 ) (-192 -1024 313 ) 
4 209 250 (-512 -1024 3456 ) (-1024 -1024 3456 ) (-1024 -1024 313 ) (-512 -1024 313 ) 
4 209 222 (-1024 -384 313 ) (-1024 -1024 313 ) (-1024 -1024 3456 ) (-1024 -384 3456 ) 
4 209 212 (0 -1024 313 ) (-1024 -1024 313 ) (-1024 -384 313 ) (0 -384 313 ) 
4 210 225 (-1024 0 313 ) (-1024 0 65 ) (-1024 -352 65 ) (-1024 -352 313 ) 
4 210 213 (-1024 0 65 ) (0 0 65 ) (0 -352 65 ) (-1024 -352 65 ) 
4 210 211 (-1024 -352 65 ) (0 -352 65 ) (0 -352 313 ) (-1024 -352 313 ) 
4 211 226 (-1024 -352 65 ) (-1024 -384 65 ) (-1024 -384 313 ) (-1024 -352 313 ) 
4 211 214 (0 -352 65 ) (0 -384 65 ) (-1024 -384 65 ) (-1024 -352 65 ) 
4 211 212 (-1024 -384 65 ) (0 -384 65 ) (0 -384 313 ) (-1024 -384 313 ) 
4 212 251 (0 -1024 65 ) (0 -1024 313 ) (-1024 -1024 313 ) (-1024 -1024 65 ) 
4 212 227 (-1024 -384 65 ) (-1024 -1024 65 ) (-1024 -1024 313 ) (-1024 -384 313 ) 
4 212 215 (0 -384 65 ) (0 -1024 65 ) (-1024 -1024 65 ) (-1024 -384 65 ) 
4 213 230 (-1024 0 65 ) (-1024 0 64 ) (-1024 -352 64 ) (-1024 -352 65 ) 
4 213 214 (-1024 -352 64 ) (0 -352 64 ) (0 -352 65 ) (-1024 -352 65 ) 
4 214 231 (-1024 -352 64 ) (-1024 -384 64 ) (-1024 -384 65 ) (-1024 -352 65 ) 
4 214 215 (-1024 -384 64 ) (0 -384 64 ) (0 -384 65 ) (-1024 -384 65 ) 
4 215 252 (0 -1024 64 ) (0 -1024 65 ) (-1024 -1024 65 ) (-1024 -1024 64 ) 
4 215 232 (-1024 -384 64 ) (-1024 -1024 64 ) (-1024 -1024 65 ) (-1024 -384 65 ) 
4 216 254 (-1280.689941 -1024 4351 ) (-1600.689941 -1024 4351 ) (-1600.689941 -1024 3520 ) (-1280.689941 -1024 3520 ) 
4 216 253 (-1024 -1024 3520 ) (-1024 -1024 4351 ) (-1280.689941 -1024 4351 ) (-1280.689941 -1024 3520 ) 
4 216 255 (-1600.689941 -1024 4351 ) (-2048 -1024 4351 ) (-2048 -1024 3520 ) (-1600.689941 -1024 3520 ) 
4 216 239 (-2048 -1024 3520 ) (-2048 -1024 4351 ) (-2048 0 4351 ) (-2048 0 3520 ) 
4 216 217 (-1024 -1024 3520 ) (-1280.689941 -1024 3520 ) (-1280.689941 0 3520 ) (-1024 0 3520 ) 
4 216 218 (-1600.689941 -1024 3520 ) (-2048 -1024 3520 ) (-2048 0 3520 ) (-1600.689941 0 3520 ) 
4 217 253 (-1024 -1024 3456 ) (-1024 -1024 3520 ) (-1280.689941 -1024 3520 ) (-1280.689941 -1024 3456 ) 
4 217 220 (-1024 -352 3456 ) (-1024 -384 3456 ) (-1280.689941 -384 3456 ) (-1280.689941 -352 3456 ) 
4 217 219 (-1280.689941 0 3456 ) (-1024 0 3456 ) (-1024 -352 3456 ) (-1280.689941 -352 3456 ) 
4 217 222 (-1024 -384 3456 ) (-1024 -1024 3456 ) (-1280.689941 -1024 3456 ) (-1280.689941 -384 3456 ) 
4 218 255 (-1600.689941 -1024 3520 ) (-2048 -1024 3520 ) (-2048 -1024 3456 ) (-1600.689941 -1024 3456 ) 
4 218 239 (-2048 -1024 3456 ) (-2048 -1024 3520 ) (-2048 0 3520 ) (-2048 0 3456 ) 
4 218 224 (-2048 -1024 3456 ) (-2048 -352 3456 ) (-1600.689941 -352 3456 ) (-1600.689941 -1024 3456 ) 
4 218 223 (-2048 -352 3456 ) (-2048 0 3456 ) (-1600.689941 0 3456 ) (-1600.689941 -352 3456 ) 
4 219 225 (-1408 -352 313 ) (-1408 0 313 ) (-1024 0 313 ) (-1024 -352 313 ) 
4 219 223 (-1408 0 313 ) (-1408 -352 313 ) (-1408 -352 3456 ) (-1408 0 3456 ) 
4 219 221 (-1408 -352 320 ) (-1408 -352 313 ) (-1024 -352 313 ) (-1024 -352 320 ) 
4 219 220 (-1408 -352 3456 ) (-1408 -352 320 ) (-1024 -352 320 ) (-1024 -352 3456 ) 
4 220 224 (-1408 -384 320 ) (-1408 -384 3456 ) (-1408 -352 3456 ) (-1408 -352 320 ) 
4 220 222 (-1408 -384 3456 ) (-1408 -384 320 ) (-1024 -384 320 ) (-1024 -384 3456 ) 
4 220 221 (-1024 -384 320 ) (-1408 -384 320 ) (-1408 -352 320 ) (-1024 -352 320 ) 
4 221 226 (-1408 -384 313 ) (-1408 -352 313 ) (-1024 -352 313 ) (-1024 -384 313 ) 
4 221 222 (-1408 -384 320 ) (-1408 -384 313 ) (-1024 -384 313 ) (-1024 -384 320 ) 
4 222 256 (-1024 -1024 313 ) (-1024 -1024 3456 ) (-1408 -1024 3456 ) (-1408 -1024 313 ) 
4 222 227 (-1024 -1024 313 ) (-1408 -1024 313 ) (-1408 -384 313 ) (-1024 -384 313 ) 
4 222 224 (-1408 -1024 320 ) (-1408 -1024 3456 ) (-1408 -384 3456 ) (-1408 -384 320 ) 
4 223 241 (-2048 0 1216 ) (-2048 0 313 ) (-2048 -352 313 ) (-2048 -352 1216 ) 
4 223 239 (-2048 -352 3456 ) (-2048 0 3456 ) (-2048 0 1216 ) (-2048 -352 1216 ) 
4 223 228 (-2048 -352 313 ) (-2048 0 313 ) (-1408 0 313 ) (-1408 -352 313 ) 
5 223 224 (-2048 -352 313 ) (-1432.500000 -352 313 ) (-1408 -352 320 ) (-1408 -352 3456 ) (-2048 -352 3456 ) 
5 224 257 (-1408 -1024 3456 ) (-2048 -1024 3456 ) (-2048 -1024 313 ) (-1432.500000 -1024 313 ) (-1408 -1024 320 ) 
4 224 242 (-2048 -1024 313 ) (-2048 -1024 1216 ) (-2048 -352 1216 ) (-2048 -352 313 ) 
4 224 239 (-2048 -1024 1216 ) (-2048 -1024 3456 ) (-2048 -352 3456 ) (-2048 -352 1216 ) 
4 224 229 (-1432.500000 -1024 313 ) (-2048 -1024 313 ) (-2048 -352 313 ) (-1432.500000 -352 313 ) 
4 225 230 (-1408 0 65 ) (-1024 0 65 ) (-1024 -352 65 ) (-1408 -352 65 ) 
4 225 228 (-1408 0 65 ) (-1408 -352 65 ) (-1408 -352 313 ) (-1408 0 313 ) 
4 225 226 (-1408 -352 313 ) (-1408 -352 65 ) (-1024 -352 65 ) (-1024 -352 313 ) 
4 226 231 (-1024 -352 65 ) (-1024 -384 65 ) (-1408 -384 65 ) (-1408 -352 65 ) 
4 226 227 (-1408 -384 313 ) (-1408 -384 65 ) (-1024 -384 65 ) (-1024 -384 313 ) 
4 227 258 (-1024 -1024 65 ) (-1024 -1024 313 ) (-1408 -1024 313 ) (-1408 -1024 65 ) 
4 227 232 (-1024 -384 65 ) (-1024 -1024 65 ) (-1408 -1024 65 ) (-1408 -384 65 ) 
4 228 241 (-2048 -352 313 ) (-2048 0 313 ) (-2048 0 65 ) (-2048 -352 65 ) 
4 228 233 (-2048 -352 65 ) (-2048 0 65 ) (-1408 0 65 ) (-1408 -352 65 ) 
3 228 229 (-1432.500000 -352 313 ) (-2048 -352 313 ) (-2048 -352 137.142853 ) 
3 229 259 (-1432.500000 -1024 313 ) (-2048 -1024 313 ) (-2048 -1024 137.142853 ) 
4 229 242 (-2048 -1024 137.142853 ) (-2048 -1024 313 ) (-2048 -352 313 ) (-2048 -352 137.142853 ) 
4 230 233 (-1408 0 64 ) (-1408 -352 64 ) (-1408 -352 65 ) (-1408 0 65 ) 
4 230 231 (-1408 -352 65 ) (-1408 -352 64 ) (-1024 -352 64 ) (-1024 -352 65 ) 
4 231 232 (-1408 -384 65 ) (-1408 -384 64 ) (-1024 -384 64 ) (-1024 -384 65 ) 
4 232 260 (-1024 -1024 64 ) (-1024 -1024 65 ) (-1408 -1024 65 ) (-1408 -1024 64 ) 
4 233 241 (-2048 -352 65 ) (-2048 0 65 ) (-2048 0 64 ) (-2048 -352 64 ) 
4 234 237 (-2176 704 4351 ) (-2176 704 1280 ) (-2176 448 1280 ) (-2176 448 4351 ) 
4 234 236 (-2048 448 4351 ) (-2176 448 4351 ) (-2176 448 1280 ) (-2048 448 1353.846191 ) 
4 235 238 (-2176 448 1216 ) (-2176 704 1216 ) (-2048 704 1216 ) (-2048 448 1216 ) 
3 235 236 (-2176 448 1216 ) (-2048 448 1216 ) (-2048 448 1289.846313 ) 
4 236 239 (-2048 0 1216 ) (-2048 0 4351 ) (-2176 0 4351 ) (-2176 0 1216 ) 
4 236 238 (-2048 0 1216 ) (-2176 0 1216 ) (-2176 448 1216 ) (-2048 448 1216 ) 
4 236 237 (-2176 0 1280 ) (-2176 0 4351 ) (-2176 448 4351 ) (-2176 448 1280 ) 
4 237 243 (-3072 0 1280 ) (-3072 0 4351 ) (-3072 704 4351 ) (-3072 704 1280 ) 
4 237 240 (-3072 0 4351 ) (-3072 0 1280 ) (-2176 0 1280 ) (-2176 0 4351 ) 
4 238 244 (-3072 0 64 ) (-3072 0 1216 ) (-3072 704 1216 ) (-3072 704 64 ) 
4 238 241 (-2048 0 64 ) (-2048 0 1216 ) (-3072 0 1216 ) (-3072 0 64 ) 
4 239 303 (-2048 -1024 1216 ) (-2048 -1024 4351 ) (-2176 -1024 4351 ) (-2176 -1024 1216 ) 
4 239 242 (-2048 -352 1216 ) (-2048 -1024 1216 ) (-2176 -1024 1216 ) (-2176 -352 1216 ) 
4 239 241 (-2048 0 1216 ) (-2048 -352 1216 ) (-2176 -352 1216 ) (-2176 0 1216 ) 
4 239 240 (-2176 -1024 1280 ) (-2176 -1024 4351 ) (-2176 0 4351 ) (-2176 0 1280 ) 
4 240 304 (-2176 -1024 4351 ) (-3072 -1024 4351 ) (-3072 -1024 1280 ) (-2176 -1024 1280 ) 
4 240 245 (-3072 -1024 1280 ) (-3072 -1024 4351 ) (-3072 0 4351 ) (-3072 0 1280 ) 
4 241 246 (-3072 -352 1216 ) (-3072 0 1216 ) (-3072 0 64 ) (-3072 -352 64 ) 
5 241 242 (-3072 -352 64 ) (-2304 -352 64 ) (-2048 -352 137.142853 ) (-2048 -352 1216 ) (-3072 -352 1216 ) 
5 242 305 (-2048 -1024 137.142853 ) (-2048 -1024 1216 ) (-3072 -1024 1216 ) (-3072 -1024 64 ) (-2304 -1024 64 ) 
4 242 246 (-3072 -1024 64 ) (-3072 -1024 1216 ) (-3072 -352 1216 ) (-3072 -352 64 ) 
4 243 245 (-3072 0 1280 ) (-3072 0 4351 ) (-3136 0 4351 ) (-3136 0 1280 ) 
4 244 246 (-3072 0 64 ) (-3072 0 1216 ) (-3136 0 1216 ) (-3136 0 64 ) 
4 245 312 (-3072 -1024 1280 ) (-3072 -1024 4351 ) (-3136 -1024 4351 ) (-3136 -1024 1280 ) 
4 246 313 (-3072 -1024 64 ) (-3072 -1024 1216 ) (-3136 -1024 1216 ) (-3136 -1024 64 ) 
4 247 261 (0 -2048 3520 ) (0 -2048 4351 ) (-1024 -2048 4351 ) (-1024 -2048 3520 ) 
4 247 253 (-1024 -2048 3520 ) (-1024 -2048 4351 ) (-1024 -1024 4351 ) (-1024 -1024 3520 ) 
4 247 248 (0 -2048 3520 ) (-192 -2048 3520 ) (-192 -1024 3520 ) (0 -1024 3520 ) 
4 247 250 (-512 -2048 3520 ) (-1024 -2048 3520 ) (-1024 -1024 3520 ) (-512 -1024 3520 ) 
4 248 266 (0 -2048 313 ) (0 -2048 320 ) (-192 -2048 320 ) (-192 -2048 313 ) 
4 248 265 (0 -2048 320 ) (0 -2048 3456 ) (-192 -2048 3456 ) (-192 -2048 320 ) 
4 248 262 (0 -2048 3456 ) (0 -2048 3520 ) (-192 -2048 3520 ) (-192 -2048 3456 ) 
4 248 249 (-192 -1024 313 ) (-192 -2048 313 ) (-192 -2048 3456 ) (-192 -1024 3456 ) 
4 248 251 (-192 -1024 313 ) (0 -1024 313 ) (0 -2048 313 ) (-192 -2048 313 ) 
4 249 266 (-512 -2048 320 ) (-512 -2048 313 ) (-192 -2048 313 ) (-192 -2048 320 ) 
4 249 265 (-512 -2048 3456 ) (-512 -2048 320 ) (-192 -2048 320 ) (-192 -2048 3456 ) 
4 249 251 (-512 -1024 313 ) (-192 -1024 313 ) (-192 -2048 313 ) (-512 -2048 313 ) 
4 249 250 (-512 -1024 313 ) (-512 -2048 313 ) (-512 -2048 3456 ) (-512 -1024 3456 ) 
4 250 266 (-1024 -2048 320 ) (-1024 -2048 313 ) (-512 -2048 313 ) (-512 -2048 320 ) 
4 250 265 (-1024 -2048 3456 ) (-1024 -2048 320 ) (-512 -2048 320 ) (-512 -2048 3456 ) 
4 250 264 (-512 -2048 3520 ) (-1024 -2048 3520 ) (-1024 -2048 3456 ) (-512 -2048 3456 ) 
4 250 256 (-1024 -2048 313 ) (-1024 -2048 3456 ) (-1024 -1024 3456 ) (-1024 -1024 313 ) 
4 250 253 (-1024 -2048 3456 ) (-1024 -2048 3520 ) (-1024 -1024 3520 ) (-1024 -1024 3456 ) 
4 250 251 (-1024 -2048 313 ) (-1024 -1024 313 ) (-512 -1024 313 ) (-512 -2048 313 ) 
4 251 266 (0 -2048 65 ) (0 -2048 313 ) (-1024 -2048 313 ) (-1024 -2048 65 ) 
4 251 258 (-1024 -2048 65 ) (-1024 -2048 313 ) (-1024 -1024 313 ) (-1024 -1024 65 ) 
4 251 252 (0 -2048 65 ) (-1024 -2048 65 ) (-1024 -1024 65 ) (0 -1024 65 ) 
4 252 266 (0 -2048 64 ) (0 -2048 65 ) (-1024 -2048 65 ) (-1024 -2048 64 ) 
4 252 260 (-1024 -2048 64 ) (-1024 -2048 65 ) (-1024 -1024 65 ) (-1024 -1024 64 ) 
4 253 274 (-1280 -2048 3456 ) (-1024 -2048 3456 ) (-1024 -2048 4351 ) (-1280 -2048 4351 ) 
4 253 277 (-1280.689941 -2048 3456 ) (-1280 -2048 3456 ) (-1280 -2048 4351 ) (-1280.689941 -2048 4351 ) 
4 253 256 (-1024 -2048 3456 ) (-1280.689941 -2048 3456 ) (-1280.689941 -1024 3456 ) (-1024 -1024 3456 ) 
4 253 254 (-1280.689941 -2048 3520 ) (-1280.689941 -2048 4351 ) (-1280.689941 -1024 4351 ) (-1280.689941 -1024 3520 ) 
4 254 278 (-1280.689941 -2048 3520 ) (-1280.689941 -2048 4351 ) (-1600.689941 -2048 4351 ) (-1600.689941 -2048 3520 ) 
4 254 255 (-1600.689941 -2048 3520 ) (-1600.689941 -2048 4351 ) (-1600.689941 -1024 4351 ) (-1600.689941 -1024 3520 ) 
4 255 303 (-2048 -1024 4351 ) (-2048 -1024 3456 ) (-2048 -2048 3456 ) (-2048 -2048 4351 ) 
4 255 280 (-2048 -2048 4351 ) (-2048 -2048 3456 ) (-1600.689941 -2048 3456 ) (-1600.689941 -2048 4351 ) 
4 255 257 (-1600.689941 -2048 3456 ) (-2048 -2048 3456 ) (-2048 -1024 3456 ) (-1600.689941 -1024 3456 ) 
4 256 284 (-1408 -2048 313 ) (-1024 -2048 313 ) (-1024 -2048 320 ) (-1408 -2048 320 ) 
3 256 283 (-1024 -2048 320 ) (-1024 -2048 429.714294 ) (-1408 -2048 320 ) 
4 256 281 (-1024 -2048 429.714294 ) (-1024 -2048 1944.615234 ) (-1408 -2048 1723.077026 ) (-1408 -2048 320 ) 
4 256 279 (-1280.689941 -2048 3456 ) (-1408 -2048 3456 ) (-1408 -2048 1723.077026 ) (-1280.689941 -2048 1796.525024 ) 
4 256 274 (-1024 -2048 1944.615234 ) (-1024 -2048 3456 ) (-1280 -2048 3456 ) (-1280 -2048 1796.923096 ) 
4 256 277 (-1280 -2048 3456 ) (-1280.689941 -2048 3456 ) (-1280.689941 -2048 1796.525024 ) (-1280 -2048 1796.923096 ) 
4 256 258 (-1024 -2048 313 ) (-1408 -2048 313 ) (-1408 -1024 313 ) (-1024 -1024 313 ) 
4 256 257 (-1408 -2048 320 ) (-1408 -2048 3456 ) (-1408 -1024 3456 ) (-1408 -1024 320 ) 
4 257 305 (-2048 -1024 1216 ) (-2048 -1024 313 ) (-2048 -2048 313 ) (-2048 -2048 1216 ) 
4 257 303 (-2048 -1024 3456 ) (-2048 -1024 1216 ) (-2048 -2048 1216 ) (-2048 -2048 3456 ) 
5 257 281 (-2048 -2048 1353.846191 ) (-2048 -2048 313 ) (-1432.500000 -2048 313 ) (-1408 -2048 320 ) (-1408 -2048 1723.076904 ) 
4 257 279 (-1600.689941 -2048 1611.909668 ) (-1408 -2048 1723.076904 ) (-1408 -2048 3456 ) (-1600.689941 -2048 3456 ) 
4 257 280 (-2048 -2048 3456 ) (-2048 -2048 1353.846191 ) (-1600.689941 -2048 1611.909668 ) (-1600.689941 -2048 3456 ) 
4 257 259 (-1432.500000 -2048 313 ) (-2048 -2048 313 ) (-2048 -1024 313 ) (-1432.500000 -1024 313 ) 
4 258 284 (-1408 -2048 65 ) (-1024 -2048 65 ) (-1024 -2048 313 ) (-1408 -2048 313 ) 
4 258 260 (-1024 -1024 65 ) (-1024 -2048 65 ) (-1408 -2048 65 ) (-1408 -1024 65 ) 
4 259 305 (-2048 -1024 313 ) (-2048 -1024 137.142853 ) (-2048 -2048 137.142853 ) (-2048 -2048 313 ) 
3 259 281 (-2048 -2048 313 ) (-2048 -2048 137.142853 ) (-1432.500000 -2048 313 ) 
4 260 284 (-1408 -2048 64 ) (-1024 -2048 64 ) (-1024 -2048 65 ) (-1408 -2048 65 ) 
4 261 292 (-512 -3072 4351 ) (-1024 -3072 4351 ) (-1024 -3072 3520 ) (-512 -3072 3520 ) 
4 261 288 (-192 -3072 4351 ) (-512 -3072 4351 ) (-512 -3072 3520 ) (-192 -3072 3520 ) 
4 261 287 (0 -3072 3520 ) (0 -3072 4351 ) (-192 -3072 4351 ) (-192 -3072 3520 ) 
4 261 275 (-1024 -2880 3520 ) (-1024 -3072 3520 ) (-1024 -3072 4351 ) (-1024 -2880 4351 ) 
4 261 274 (-1024 -2048 4351 ) (-1024 -2048 3520 ) (-1024 -2880 3520 ) (-1024 -2880 4351 ) 
4 261 264 (-512 -3072 3520 ) (-1024 -3072 3520 ) (-1024 -2048 3520 ) (-512 -2048 3520 ) 
4 261 262 (-192 -2784 3520 ) (-192 -2048 3520 ) (0 -2048 3520 ) (0 -2784 3520 ) 
4 261 263 (0 -3072 3520 ) (-192 -3072 3520 ) (-192 -2816 3520 ) (0 -2816 3520 ) 
4 262 265 (-192 -2048 3456 ) (0 -2048 3456 ) (0 -2079 3456 ) (-192 -2079 3456 ) 
4 262 267 (0 -2079 3456 ) (0 -2784 3456 ) (-192 -2784 3456 ) (-192 -2079 3456 ) 
4 263 287 (0 -3072 3456 ) (0 -3072 3520 ) (-192 -3072 3520 ) (-192 -3072 3456 ) 
4 263 268 (0 -2880 3456 ) (0 -3072 3456 ) (-192 -3072 3456 ) (-192 -2880 3456 ) 
4 263 267 (0 -2816 3456 ) (0 -2880 3456 ) (-192 -2880 3456 ) (-192 -2816 3456 ) 
4 264 292 (-512 -3072 3520 ) (-1024 -3072 3520 ) (-1024 -3072 3456 ) (-512 -3072 3456 ) 
4 264 275 (-1024 -2880 3456 ) (-1024 -3072 3456 ) (-1024 -3072 3520 ) (-1024 -2880 3520 ) 
4 264 274 (-1024 -2048 3520 ) (-1024 -2048 3456 ) (-1024 -2880 3456 ) (-1024 -2880 3520 ) 
4 264 271 (-512 -2880 3456 ) (-512 -3072 3456 ) (-1024 -3072 3456 ) (-1024 -2880 3456 ) 
4 264 265 (-1024 -2048 3456 ) (-512 -2048 3456 ) (-512 -2079 3456 ) (-1024 -2079 3456 ) 
4 264 267 (-512 -2079 3456 ) (-512 -2880 3456 ) (-1024 -2880 3456 ) (-1024 -2079 3456 ) 
4 265 283 (-1024 -2048 429.714355 ) (-1024 -2048 320 ) (-1024 -2079 320 ) (-1024 -2079 429.714294 ) 
4 265 281 (-1024 -2048 1944.615479 ) (-1024 -2048 429.714355 ) (-1024 -2079 429.714294 ) (-1024 -2079 1944.615234 ) 
4 265 274 (-1024 -2048 3456 ) (-1024 -2048 1944.615479 ) (-1024 -2079 1944.615234 ) (-1024 -2079 3456 ) 
4 265 267 (0 -2079 320 ) (0 -2079 3456 ) (-1024 -2079 3456 ) (-1024 -2079 320 ) 
4 265 266 (0 -2079 320 ) (-1024 -2079 320 ) (-1024 -2048 320 ) (0 -2048 320 ) 
4 266 284 (-1024 -2048 320 ) (-1024 -2048 64 ) (-1024 -2079 64 ) (-1024 -2079 320 ) 
4 266 267 (-1024 -2079 64 ) (0 -2079 64 ) (0 -2079 320 ) (-1024 -2079 320 ) 
4 267 285 (-1024 -2079 64 ) (-1024 -2880 64 ) (-1024 -2880 429.714294 ) (-1024 -2079 429.714355 ) 
4 267 281 (-1024 -2880 429.714294 ) (-1024 -2880 1944.615234 ) (-1024 -2079 1944.615479 ) (-1024 -2079 429.714355 ) 
4 267 274 (-1024 -2880 1944.615234 ) (-1024 -2880 3456 ) (-1024 -2079 3456 ) (-1024 -2079 1944.615479 ) 
4 267 273 (-1024 -2880 1880.615479 ) (-1024 -2880 64 ) (-512 -2880 64 ) (-512 -2880 2176 ) 
4 267 272 (-1024 -2880 3200 ) (-1024 -2880 1944.615356 ) (-512 -2880 2240 ) (-512 -2880 2688 ) 
4 267 271 (-512 -2880 3456 ) (-1024 -2880 3456 ) (-1024 -2880 3264 ) (-512 -2880 2752 ) 
4 267 270 (0 -2880 64 ) (0 -2880 2171.500000 ) (-512 -2880 2171.500000 ) (-512 -2880 64 ) 
4 267 269 (0 -2880 2235.500000 ) (0 -2880 2688 ) (-512 -2880 2688 ) (-512 -2880 2235.500000 ) 
4 267 268 (0 -2880 2752 ) (0 -2880 3456 ) (-512 -2880 3456 ) (-512 -2880 2752 ) 
4 268 289 (-192 -3072 3456 ) (-512 -3072 3456 ) (-512 -3072 2752 ) (-192 -3072 2752 ) 
4 268 287 (0 -3072 2752 ) (0 -3072 3456 ) (-192 -3072 3456 ) (-192 -3072 2752 ) 
4 268 271 (-512 -2880 3456 ) (-512 -2880 2752 ) (-512 -3072 2752 ) (-512 -3072 3456 ) 
4 269 290 (0 -3072 2235.500000 ) (0 -3072 2688 ) (-512 -3072 2688 ) (-512 -3072 2235.500000 ) 
4 269 272 (-512 -2880 2688 ) (-512 -2880 2240 ) (-512 -3072 2240 ) (-512 -3072 2688 ) 
4 270 291 (0 -3072 64 ) (0 -3072 2171.500000 ) (-512 -3072 2171.500000 ) (-512 -3072 64 ) 
4 270 273 (-512 -2880 2171.500000 ) (-512 -2880 64 ) (-512 -3072 64 ) (-512 -3072 2171.500000 ) 
4 271 292 (-512 -3072 2752 ) (-512 -3072 3456 ) (-1024 -3072 3456 ) (-1024 -3072 3264 ) 
4 271 275 (-1024 -3072 3264 ) (-1024 -3072 3456 ) (-1024 -2880 3456 ) (-1024 -2880 3264 ) 
4 272 293 (-512 -3072 2240 ) (-512 -3072 2688 ) (-1024 -3072 3200 ) (-1024 -3072 1944.615356 ) 
4 272 276 (-1024 -3072 1944.615234 ) (-1024 -3072 3200 ) (-1024 -2880 3200 ) (-1024 -2880 1944.615356 ) 
4 273 294 (-512 -3072 64 ) (-512 -3072 2176 ) (-1024 -3072 1880.615479 ) (-1024 -3072 64 ) 
4 273 285 (-1024 -3072 64 ) (-1024 -3072 429.714294 ) (-1024 -2880 429.714355 ) (-1024 -2880 64 ) 
4 273 282 (-1024 -3072 429.714294 ) (-1024 -3072 1880.615601 ) (-1024 -2880 1880.615479 ) (-1024 -2880 429.714355 ) 
4 274 281 (-1280 -2048 1796.921387 ) (-1024 -2048 1944.613647 ) (-1024 -2880 1944.613770 ) (-1280 -2880 1796.921509 ) 
4 274 276 (-1280 -2880 3456 ) (-1280 -2880 1796.921875 ) (-1024 -2880 1944.614136 ) (-1024 -2880 3200 ) 
4 274 275 (-1280 -2880 4351 ) (-1280 -2880 3520 ) (-1024 -2880 3264 ) (-1024 -2880 4351 ) 
4 274 277 (-1280 -2048 1796.919922 ) (-1280 -2880 1796.919922 ) (-1280 -2880 4351 ) (-1280 -2048 4351 ) 
3 275 299 (-1024 -3072 3264 ) (-1024 -3072 3456 ) (-1216 -3072 3456 ) 
5 275 295 (-1024 -3072 3456 ) (-1024 -3072 4351 ) (-1280 -3072 4351 ) (-1280 -3072 3520 ) (-1216 -3072 3456 ) 
4 275 277 (-1280 -3072 3520 ) (-1280 -3072 4351 ) (-1280 -2880 4351 ) (-1280 -2880 3520 ) 
4 276 300 (-1024 -3072 1944.615723 ) (-1024 -3072 3200 ) (-1280 -3072 3456 ) (-1280 -3072 1796.923462 ) 
4 276 277 (-1280 -2880 1796.919922 ) (-1280 -3072 1796.919922 ) (-1280 -3072 3456 ) (-1280 -2880 3456 ) 
4 277 301 (-1280.689941 -3072 3456 ) (-1280.689941 -3072 1796.525391 ) (-1280 -3072 1796.923462 ) (-1280 -3072 3456 ) 
4 277 296 (-1280 -3072 4351 ) (-1280.689941 -3072 4351 ) (-1280.689941 -3072 3456 ) (-1280 -3072 3456 ) 
4 277 281 (-1280.689941 -2048 1796.523315 ) (-1280 -2048 1796.921387 ) (-1280 -2880 1796.921509 ) (-1280.689941 -2880 1796.523438 ) 
4 277 278 (-1280.689941 -3072 3520 ) (-1280.689941 -3072 4351 ) (-1280.689941 -2048 4351 ) (-1280.689941 -2048 3520 ) 
4 277 279 (-1280.689941 -2048 1796.523315 ) (-1280.689941 -3072 1796.523193 ) (-1280.689941 -3072 3456 ) (-1280.689941 -2048 3456 ) 
4 278 297 (-1280.689941 -3072 4351 ) (-1600.689941 -3072 4351 ) (-1600.689941 -3072 3520 ) (-1280.689941 -3072 3520 ) 
4 278 280 (-1600.689941 -3072 3520 ) (-1600.689941 -3072 4351 ) (-1600.689941 -2048 4351 ) (-1600.689941 -2048 3520 ) 
4 279 301 (-1600.689941 -3072 3456 ) (-1600.689941 -3072 1611.909912 ) (-1280.689941 -3072 1796.525391 ) (-1280.689941 -3072 3456 ) 
4 279 281 (-1600.689941 -2048 1611.907959 ) (-1280.689941 -2048 1796.523315 ) (-1280.689941 -2880 1796.523438 ) (-1600.689941 -2880 1611.908081 ) 
4 279 280 (-1600.689941 -2048 1611.904297 ) (-1600.689941 -3072 1611.904297 ) (-1600.689941 -3072 3456 ) (-1600.689941 -2048 3456 ) 
4 280 307 (-2048 -3072 1353.846313 ) (-2048 -3072 4351 ) (-2048 -2880 4351 ) (-2048 -2880 1353.846313 ) 
4 280 306 (-2048 -2880 4351 ) (-2048 -2048 4351 ) (-2048 -2048 1353.846436 ) (-2048 -2880 1353.846313 ) 
4 280 301 (-2048 -3072 3456 ) (-2048 -3072 1353.846436 ) (-1600.689941 -3072 1611.909912 ) (-1600.689941 -3072 3456 ) 
4 280 298 (-1600.689941 -3072 4351 ) (-2048 -3072 4351 ) (-2048 -3072 3456 ) (-1600.689941 -3072 3456 ) 
4 280 281 (-2048 -2048 1353.844604 ) (-1600.689941 -2048 1611.907959 ) (-1600.689941 -2880 1611.908081 ) (-2048 -2880 1353.844727 ) 
4 281 310 (-2048 -2048 1216 ) (-2048 -2048 137.142578 ) (-2048 -2079 137.142593 ) (-2048 -2079 1216 ) 
4 281 311 (-2048 -2079 137.142593 ) (-2048 -2880 137.142807 ) (-2048 -2880 1216 ) (-2048 -2079 1216 ) 
4 281 306 (-2048 -2880 1353.846313 ) (-2048 -2048 1353.846436 ) (-2048 -2048 1216 ) (-2048 -2880 1216 ) 
4 281 286 (-2048 -2880 137.143158 ) (-2048 -2079 137.143158 ) (-1408 -2079 320 ) (-1408 -2880 320 ) 
4 281 283 (-1408 -2048 320 ) (-1024 -2048 429.714569 ) (-1024 -2079 429.714569 ) (-1408 -2079 320 ) 
4 281 285 (-1024 -2079 429.714569 ) (-1024 -2880 429.714569 ) (-1408 -2880 320 ) (-1408 -2079 320 ) 
4 281 282 (-2048 -2880 1289.846313 ) (-2048 -2880 137.139221 ) (-1024 -2880 429.710571 ) (-1024 -2880 1880.615601 ) 
4 282 311 (-2048 -3072 137.142853 ) (-2048 -3072 1216 ) (-2048 -2880 1216 ) (-2048 -2880 137.142807 ) 
4 282 308 (-2048 -3072 1216 ) (-2048 -3072 1289.846191 ) (-2048 -2880 1289.846191 ) (-2048 -2880 1216 ) 
4 282 302 (-1024 -3072 429.714294 ) (-1024 -3072 1880.615479 ) (-2048 -3072 1289.846191 ) (-2048 -3072 137.142578 ) 
4 282 286 (-2048 -3072 137.143158 ) (-2048 -2880 137.143158 ) (-1408 -2880 320 ) (-1408 -3072 320 ) 
4 282 285 (-1408 -2880 320 ) (-1024 -2880 429.714569 ) (-1024 -3072 429.714569 ) (-1408 -3072 320 ) 
3 283 285 (-1408 -2079 320 ) (-1024 -2079 320 ) (-1024 -2079 429.714355 ) 
4 283 284 (-1024 -2079 320 ) (-1408 -2079 320 ) (-1408 -2048 320 ) (-1024 -2048 320 ) 
4 284 285 (-1408 -2079 320 ) (-1408 -2079 64 ) (-1024 -2079 64 ) (-1024 -2079 320 ) 
4 285 302 (-1024 -3072 64 ) (-1024 -3072 429.714294 ) (-1408 -3072 320 ) (-1408 -3072 64 ) 
4 285 286 (-1408 -2079 64 ) (-1408 -3072 64 ) (-1408 -3072 319.997955 ) (-1408 -2079 319.997986 ) 
4 286 311 (-2048 -3072 64 ) (-2048 -3072 137.142853 ) (-2048 -2079 137.142593 ) (-2048 -2079 64 ) 
4 286 302 (-1408 -3072 320 ) (-2048 -3072 137.142578 ) (-2048 -3072 64 ) (-1408 -3072 64 ) 
4 287 288 (-192 -3135 3520 ) (-192 -3135 4351 ) (-192 -3072 4351 ) (-192 -3072 3520 ) 
4 287 289 (-192 -3072 2752 ) (-192 -3135 2752 ) (-192 -3135 3456 ) (-192 -3072 3456 ) 
4 288 292 (-512 -3135 3520 ) (-512 -3135 4351 ) (-512 -3072 4351 ) (-512 -3072 3520 ) 
4 289 292 (-512 -3135 2752 ) (-512 -3135 3456 ) (-512 -3072 3456 ) (-512 -3072 2752 ) 
4 290 293 (-512 -3135 2240 ) (-512 -3135 2688 ) (-512 -3072 2688 ) (-512 -3072 2240 ) 
4 291 294 (-512 -3135 64 ) (-512 -3135 2171.500000 ) (-512 -3072 2171.500000 ) (-512 -3072 64 ) 
4 292 299 (-1024 -3135 3264 ) (-1024 -3135 3456 ) (-1024 -3072 3456 ) (-1024 -3072 3264 ) 
4 292 295 (-1024 -3135 3456 ) (-1024 -3135 4351 ) (-1024 -3072 4351 ) (-1024 -3072 3456 ) 
4 293 300 (-1024 -3135 1944.615601 ) (-1024 -3135 3200 ) (-1024 -3072 3200 ) (-1024 -3072 1944.615479 ) 
4 294 302 (-1024 -3135 64 ) (-1024 -3135 1880.615356 ) (-1024 -3072 1880.615601 ) (-1024 -3072 64 ) 
4 295 299 (-1024 -3135 3456 ) (-1216 -3135 3456 ) (-1216 -3072 3456 ) (-1024 -3072 3456 ) 
4 295 296 (-1280 -3135 3520 ) (-1280 -3135 4351 ) (-1280 -3072 4351 ) (-1280 -3072 3520 ) 
4 296 301 (-1280 -3135 3456 ) (-1280.689941 -3135 3456 ) (-1280.689941 -3072 3456 ) (-1280 -3072 3456 ) 
4 296 297 (-1280.689941 -3135 3520 ) (-1280.689941 -3135 4351 ) (-1280.689941 -3072 4351 ) (-1280.689941 -3072 3520 ) 
4 297 298 (-1600.689941 -3135 3520 ) (-1600.689941 -3135 4351 ) (-1600.689941 -3072 4351 ) (-1600.689941 -3072 3520 ) 
4 298 316 (-2048 -3135 3456 ) (-2048 -3135 4351 ) (-2048 -3072 4351 ) (-2048 -3072 3456 ) 
4 298 301 (-1600.689941 -3135 3456 ) (-2048 -3135 3456 ) (-2048 -3072 3456 ) (-1600.689941 -3072 3456 ) 
4 300 301 (-1280 -3072 1796.919800 ) (-1280 -3135 1796.919800 ) (-1280 -3135 3456 ) (-1280 -3072 3456 ) 
4 301 316 (-2048 -3135 1353.846191 ) (-2048 -3135 3456 ) (-2048 -3072 3456 ) (-2048 -3072 1353.846191 ) 
4 302 317 (-2048 -3135 64 ) (-2048 -3135 1289.846313 ) (-2048 -3072 1289.846313 ) (-2048 -3072 64 ) 
4 303 306 (-2048 -2048 1216 ) (-2048 -2048 4351 ) (-2176 -2048 4351 ) (-2176 -2048 1216 ) 
4 303 305 (-2048 -2048 1216 ) (-2176 -2048 1216 ) (-2176 -1024 1216 ) (-2048 -1024 1216 ) 
4 303 304 (-2176 -2048 1280 ) (-2176 -2048 4351 ) (-2176 -1024 4351 ) (-2176 -1024 1280 ) 
4 304 312 (-3072 -1024 4351 ) (-3072 -1024 1280 ) (-3072 -2048 1280 ) (-3072 -2048 4351 ) 
4 304 309 (-2176 -2048 4351 ) (-3072 -2048 4351 ) (-3072 -2048 1280 ) (-2176 -2048 1280 ) 
4 305 313 (-3072 -1024 1216 ) (-3072 -1024 64 ) (-3072 -2048 64 ) (-3072 -2048 1216 ) 
5 305 310 (-2048 -2048 137.142853 ) (-2048 -2048 1216 ) (-3072 -2048 1216 ) (-3072 -2048 64 ) (-2304 -2048 64 ) 
4 306 310 (-2176 -2079 1216 ) (-2176 -2048 1216 ) (-2048 -2048 1216 ) (-2048 -2079 1216 ) 
4 306 311 (-2176 -2880 1216 ) (-2176 -2079 1216 ) (-2048 -2079 1216 ) (-2048 -2880 1216 ) 
4 306 309 (-2176 -2048 4351 ) (-2176 -2048 1280 ) (-2176 -2880 1280 ) (-2176 -2880 4351 ) 
3 306 308 (-2176 -2880 1216 ) (-2048 -2880 1216 ) (-2048 -2880 1289.846313 ) 
4 306 307 (-2048 -2880 4351 ) (-2176 -2880 4351 ) (-2176 -2880 1280 ) (-2048 -2880 1353.846191 ) 
4 307 316 (-2048 -3072 1353.846191 ) (-2048 -3072 4351 ) (-2176 -3072 4351 ) (-2176 -3072 1280 ) 
4 307 309 (-2176 -3072 1280 ) (-2176 -3072 4351 ) (-2176 -2880 4351 ) (-2176 -2880 1280 ) 
3 308 317 (-2048 -3072 1216 ) (-2048 -3072 1289.846313 ) (-2176 -3072 1216 ) 
4 308 311 (-2048 -3072 1216 ) (-2176 -3072 1216 ) (-2176 -2880 1216 ) (-2048 -2880 1216 ) 
4 309 318 (-3072 -3072 4351 ) (-3072 -3072 1280 ) (-2176 -3072 1280 ) (-2176 -3072 4351 ) 
4 309 314 (-3072 -3072 1280 ) (-3072 -3072 4351 ) (-3072 -2048 4351 ) (-3072 -2048 1280 ) 
4 310 315 (-3072 -2079 1216 ) (-3072 -2048 1216 ) (-3072 -2048 64 ) (-3072 -2079 64 ) 
5 310 311 (-3072 -2079 64 ) (-2304 -2079 64 ) (-2048 -2079 137.142853 ) (-2048 -2079 1216 ) (-3072 -2079 1216 ) 
4 311 319 (-2176 -3072 1216 ) (-3072 -3072 1216 ) (-3072 -3072 64 ) (-2176 -3072 64 ) 
4 311 317 (-2048 -3072 64 ) (-2048 -3072 1216 ) (-2176 -3072 1216 ) (-2176 -3072 64 ) 
4 311 315 (-3072 -3072 64 ) (-3072 -3072 1216 ) (-3072 -2079 1216 ) (-3072 -2079 64 ) 
4 312 314 (-3072 -2048 1280 ) (-3072 -2048 4351 ) (-3136 -2048 4351 ) (-3136 -2048 1280 ) 
4 313 315 (-3072 -2048 64 ) (-3072 -2048 1216 ) (-3136 -2048 1216 ) (-3136 -2048 64 ) 
4 314 320 (-3072 -3072 1280 ) (-3072 -3072 4351 ) (-3136 -3072 4351 ) (-3136 -3072 1280 ) 
4 315 321 (-3072 -3072 64 ) (-3072 -3072 1216 ) (-3136 -3072 1216 ) (-3136 -3072 64 ) 
4 316 318 (-2176 -3135 1280 ) (-2176 -3135 4351 ) (-2176 -3072 4351 ) (-2176 -3072 1280 ) 
4 317 319 (-2176 -3135 64 ) (-2176 -3135 1216 ) (-2176 -3072 1216 ) (-2176 -3072 64 ) 
4 318 320 (-3072 -3072 4351 ) (-3072 -3072 1280 ) (-3072 -3135 1280 ) (-3072 -3135 4351 ) 
4 319 321 (-3072 -3072 1216 ) (-3072 -3072 64 ) (-3072 -3135 64 ) (-3072 -3135 1216 ) 
